0 verbose cli /usr/local/bin/node /usr/local/bin/npm
1 info using npm@10.2.4
2 info using node@v20.9.0
3 timing npm:load:whichnode Completed in 1ms
4 timing config:load:defaults Completed in 1ms
5 timing config:load:file:/usr/local/lib/node_modules/npm/npmrc Completed in 1ms
6 timing config:load:builtin Completed in 1ms
7 timing config:load:cli Completed in 3ms
8 timing config:load:env Completed in 0ms
9 timing config:load:file:/Users/macbookpro/Library/Caches/typescript/4.8/.npmrc Completed in 0ms
10 timing config:load:project Completed in 2ms
11 timing config:load:file:/Users/macbookpro/.npmrc Completed in 0ms
12 timing config:load:user Completed in 1ms
13 timing config:load:file:/usr/local/etc/npmrc Completed in 1ms
14 timing config:load:global Completed in 2ms
15 timing config:load:setEnvs Completed in 1ms
16 timing config:load Completed in 11ms
17 timing npm:load:configload Completed in 11ms
18 timing config:load:flatten Completed in 3ms
19 timing npm:load:mkdirpcache Completed in 17ms
20 timing npm:load:mkdirplogs Completed in 0ms
21 verbose title npm install types-registry@latest
22 verbose argv "install" "--ignore-scripts" "types-registry@latest"
23 timing npm:load:setTitle Completed in 46ms
24 timing npm:load:display Completed in 0ms
25 verbose logfile logs-max:10 dir:/Users/macbookpro/Downloads/inventory-project-main/Frontend/.npm-cache/_logs/2023-12-05T00_00_34_368Z-
26 verbose logfile /Users/macbookpro/Downloads/inventory-project-main/Frontend/.npm-cache/_logs/2023-12-05T00_00_34_368Z-debug-0.log
27 timing npm:load:logFile Completed in 11ms
28 timing npm:load:timers Completed in 0ms
29 timing npm:load:configScope Completed in 0ms
30 timing npm:load Completed in 102ms
31 timing arborist:ctor Completed in 1ms
32 silly logfile done cleaning log files
33 timing idealTree:init Completed in 68ms
34 timing arborist:ctor Completed in 0ms
35 http fetch GET 200 https://registry.npmjs.org/types-registry 2254ms (cache miss)
36 timing idealTree:userRequests Completed in 2267ms
37 silly idealTree buildDeps
38 silly fetch manifest types-registry@0.1.673
39 silly placeDep ROOT types-registry@0.1.673 REPLACE for:  want: 0.1.673
40 timing idealTree:#root Completed in 8ms
41 timing idealTree:node_modules/types-registry Completed in 0ms
42 timing idealTree:buildDeps Completed in 10ms
43 timing idealTree:fixDepFlags Completed in 1ms
44 timing idealTree Completed in 2347ms
45 timing reify:loadTrees Completed in 2348ms
46 timing reify:diffTrees Completed in 5ms
47 silly reify moves {}
48 timing reify:retireShallow Completed in 1ms
49 timing reify:createSparse Completed in 0ms
50 timing reify:loadBundles Completed in 0ms
51 silly audit bulk request {
51 silly audit   '@babel/helper-string-parser': [ '7.22.5' ],
51 silly audit   '@babel/helper-validator-identifier': [ '7.22.20' ],
51 silly audit   '@babel/parser': [ '7.23.0' ],
51 silly audit   '@babel/runtime': [ '7.23.2' ],
51 silly audit   '@babel/types': [ '7.23.0' ],
51 silly audit   '@types/aos': [ '3.0.7' ],
51 silly audit   '@types/babel__core': [ '7.20.4' ],
51 silly audit   '@types/babel__generator': [ '7.6.7' ],
51 silly audit   '@types/babel__template': [ '7.4.4' ],
51 silly audit   '@types/babel__traverse': [ '7.20.4' ],
51 silly audit   '@types/bcrypt': [ '5.0.2' ],
51 silly audit   '@types/bluebird': [ '3.5.42' ],
51 silly audit   '@types/body-parser': [ '1.19.3' ],
51 silly audit   '@types/chart.js': [ '2.9.41' ],
51 silly audit   '@types/connect': [ '3.4.36' ],
51 silly audit   '@types/continuation-local-storage': [ '3.2.7' ],
51 silly audit   '@types/cookie': [ '0.6.0' ],
51 silly audit   '@types/cookie-parser': [ '1.4.6' ],
51 silly audit   '@types/cookie-signature': [ '1.1.2' ],
51 silly audit   '@types/cookiejar': [ '2.1.4' ],
51 silly audit   '@types/cors': [ '2.8.17' ],
51 silly audit   '@types/debug': [ '4.1.12' ],
51 silly audit   '@types/eslint': [ '8.44.8' ],
51 silly audit   '@types/estree': [ '1.0.4' ],
51 silly audit   '@types/express': [ '4.17.21' ],
51 silly audit   '@types/express-serve-static-core': [ '4.17.37' ],
51 silly audit   '@types/hoist-non-react-statics': [ '3.3.4' ],
51 silly audit   '@types/http-errors': [ '2.0.4' ],
51 silly audit   '@types/istanbul-lib-coverage': [ '2.0.5' ],
51 silly audit   '@types/istanbul-lib-report': [ '3.0.2' ],
51 silly audit   '@types/istanbul-reports': [ '3.0.3' ],
51 silly audit   '@types/jade': [ '0.0.34' ],
51 silly audit   '@types/jquery': [ '3.5.26' ],
51 silly audit   '@types/js-cookie': [ '3.0.6' ],
51 silly audit   '@types/json-schema': [ '7.0.14' ],
51 silly audit   '@types/jsonwebtoken': [ '9.0.5' ],
51 silly audit   '@types/lodash': [ '4.14.201' ],
51 silly audit   '@types/lodash.mergewith': [ '4.6.9' ],
51 silly audit   '@types/mime': [ '1.3.3' ],
51 silly audit   '@types/morgan': [ '1.9.9' ],
51 silly audit   '@types/ms': [ '0.7.34' ],
51 silly audit   '@types/multer': [ '1.4.11' ],
51 silly audit   '@types/node': [ '20.7.1' ],
51 silly audit   '@types/nodemon': [ '1.19.6' ],
51 silly audit   '@types/pg': [ '8.10.9' ],
51 silly audit   '@types/prop-types': [ '15.7.9' ],
51 silly audit   '@types/qrcode': [ '1.5.5' ],
51 silly audit   '@types/qs': [ '6.9.8' ],
51 silly audit   '@types/range-parser': [ '1.2.5' ],
51 silly audit   '@types/react': [ '18.2.41' ],
51 silly audit   '@types/react-dom': [ '18.2.17' ],
51 silly audit   '@types/react-modal': [ '3.16.3' ],
51 silly audit   '@types/react-redux': [ '7.1.31' ],
51 silly audit   '@types/react-slick': [ '0.23.12' ],
51 silly audit   '@types/scheduler': [ '0.16.5' ],
51 silly audit   '@types/send': [ '0.17.2' ],
51 silly audit   '@types/sequelize': [ '4.28.19' ],
51 silly audit   '@types/serve-static': [ '1.15.3' ],
51 silly audit   '@types/sizzle': [ '2.3.5' ],
51 silly audit   '@types/slick-carousel': [ '1.6.40' ],
51 silly audit   '@types/stack-utils': [ '2.0.2' ],
51 silly audit   '@types/superagent': [ '4.1.21' ],
51 silly audit   '@types/supertest': [ '2.0.16' ],
51 silly audit   '@types/swagger-jsdoc': [ '6.0.4' ],
51 silly audit   '@types/swagger-ui-dist': [ '3.30.4' ],
51 silly audit   '@types/swagger-ui-express': [ '4.1.6' ],
51 silly audit   '@types/use-sync-external-store': [ '0.0.5' ],
51 silly audit   '@types/validator': [ '13.11.6' ],
51 silly audit   '@types/yargs-parser': [ '21.0.2' ],
51 silly audit   csstype: [ '3.1.2' ],
51 silly audit   'hoist-non-react-statics': [ '3.3.2' ],
51 silly audit   moment: [ '2.29.4' ],
51 silly audit   obuf: [ '1.1.2' ],
51 silly audit   'pg-int8': [ '1.0.1' ],
51 silly audit   'pg-numeric': [ '1.0.2' ],
51 silly audit   'pg-protocol': [ '1.6.0' ],
51 silly audit   'pg-types': [ '4.0.1' ],
51 silly audit   'postgres-array': [ '3.0.2' ],
51 silly audit   'postgres-bytea': [ '3.0.0' ],
51 silly audit   'postgres-date': [ '2.0.1' ],
51 silly audit   'postgres-interval': [ '3.0.0' ],
51 silly audit   'postgres-range': [ '1.1.3' ],
51 silly audit   'react-is': [ '16.13.1' ],
51 silly audit   redux: [ '4.2.1' ],
51 silly audit   'regenerator-runtime': [ '0.14.0' ],
51 silly audit   'to-fast-properties': [ '2.0.0' ],
51 silly audit   'types-registry': [ '0.1.673' ]
51 silly audit }
52 timing reify:unpack Completed in 0ms
53 timing reify:unretire Completed in 0ms
54 timing build:queue Completed in 0ms
55 timing build:deps Completed in 1ms
56 timing build Completed in 1ms
57 timing reify:build Completed in 1ms
58 timing reify:trash Completed in 0ms
59 timing reify:save Completed in 28ms
60 http fetch POST 200 https://registry.npmjs.org/-/npm/v1/security/advisories/bulk 226ms
61 timing auditReport:getReport Completed in 228ms
62 silly audit report {}
63 timing auditReport:init Completed in 0ms
64 timing reify:audit Completed in 230ms
65 timing reify Completed in 2594ms
66 timing command:install Completed in 2600ms
67 verbose exit 0
68 timing npm Completed in 3308ms
69 info ok
