0 verbose cli /usr/local/bin/node /usr/local/bin/npm
1 info using npm@10.2.4
2 info using node@v20.9.0
3 timing npm:load:whichnode Completed in 1ms
4 timing config:load:defaults Completed in 1ms
5 timing config:load:file:/usr/local/lib/node_modules/npm/npmrc Completed in 0ms
6 timing config:load:builtin Completed in 0ms
7 timing config:load:cli Completed in 2ms
8 timing config:load:env Completed in 0ms
9 timing config:load:file:/Users/macbookpro/Downloads/inventory-project-main/Frontend/.npmrc Completed in 0ms
10 timing config:load:project Completed in 1ms
11 timing config:load:file:/Users/macbookpro/.npmrc Completed in 0ms
12 timing config:load:user Completed in 0ms
13 timing config:load:file:/usr/local/etc/npmrc Completed in 2ms
14 timing config:load:global Completed in 2ms
15 timing config:load:setEnvs Completed in 1ms
16 timing config:load Completed in 8ms
17 timing npm:load:configload Completed in 8ms
18 timing config:load:flatten Completed in 2ms
19 timing npm:load:mkdirpcache Completed in 0ms
20 timing npm:load:mkdirplogs Completed in 0ms
21 verbose title npm run webpack
22 verbose argv "run" "webpack"
23 timing npm:load:setTitle Completed in 18ms
24 timing npm:load:display Completed in 1ms
25 verbose logfile logs-max:10 dir:/Users/macbookpro/Downloads/inventory-project-main/Frontend/.npm-cache/_logs/2023-12-05T00_19_55_146Z-
26 verbose logfile /Users/macbookpro/Downloads/inventory-project-main/Frontend/.npm-cache/_logs/2023-12-05T00_19_55_146Z-debug-0.log
27 timing npm:load:logFile Completed in 8ms
28 timing npm:load:timers Completed in 0ms
29 timing npm:load:configScope Completed in 0ms
30 timing npm:load Completed in 54ms
31 silly logfile done cleaning log files
32 timing command:run Completed in 5884ms
33 verbose exit 1
34 timing npm Completed in 6017ms
35 verbose code 1
