0 verbose cli /usr/local/bin/node /usr/local/bin/npm
1 info using npm@10.2.4
2 info using node@v20.9.0
3 timing npm:load:whichnode Completed in 1ms
4 timing config:load:defaults Completed in 1ms
5 timing config:load:file:/usr/local/lib/node_modules/npm/npmrc Completed in 1ms
6 timing config:load:builtin Completed in 1ms
7 timing config:load:cli Completed in 2ms
8 timing config:load:env Completed in 0ms
9 timing config:load:file:/Users/macbookpro/Downloads/inventory-project-main/Frontend/.npmrc Completed in 0ms
10 timing config:load:project Completed in 1ms
11 timing config:load:file:/Users/macbookpro/.npmrc Completed in 0ms
12 timing config:load:user Completed in 0ms
13 timing config:load:file:/usr/local/etc/npmrc Completed in 2ms
14 timing config:load:global Completed in 3ms
15 timing config:load:setEnvs Completed in 0ms
16 timing config:load Completed in 8ms
17 timing npm:load:configload Completed in 8ms
18 timing config:load:flatten Completed in 2ms
19 timing npm:load:mkdirpcache Completed in 9ms
20 timing npm:load:mkdirplogs Completed in 0ms
21 verbose title npm install webpack-cli
22 verbose argv "install" "--save-dev" "webpack-cli"
23 timing npm:load:setTitle Completed in 20ms
24 timing npm:load:display Completed in 1ms
25 verbose logfile logs-max:10 dir:/Users/macbookpro/Downloads/inventory-project-main/Frontend/.npm-cache/_logs/2023-12-05T00_21_08_756Z-
26 verbose logfile /Users/macbookpro/Downloads/inventory-project-main/Frontend/.npm-cache/_logs/2023-12-05T00_21_08_756Z-debug-0.log
27 timing npm:load:logFile Completed in 8ms
28 timing npm:load:timers Completed in 0ms
29 timing npm:load:configScope Completed in 0ms
30 timing npm:load Completed in 64ms
31 timing arborist:ctor Completed in 1ms
32 silly logfile done cleaning log files
33 timing idealTree:init Completed in 817ms
34 timing idealTree:userRequests Completed in 1ms
35 silly idealTree buildDeps
36 silly fetch manifest webpack-cli@*
37 timing arborist:ctor Completed in 0ms
38 http fetch GET 200 https://registry.npmjs.org/webpack-cli 1702ms (cache miss)
39 silly fetch manifest webpack@5.x.x
40 http fetch GET 200 https://registry.npmjs.org/webpack 3908ms (cache miss)
41 silly placeDep ROOT webpack-cli@5.1.4 OK for: frontend@0.1.0 want: *
42 silly fetch manifest @discoveryjs/json-ext@^0.5.0
43 silly fetch manifest @webpack-cli/configtest@^2.1.1
44 silly fetch manifest @webpack-cli/info@^2.0.2
45 silly fetch manifest @webpack-cli/serve@^2.0.5
46 silly fetch manifest commander@^10.0.1
47 silly fetch manifest envinfo@^7.7.3
48 silly fetch manifest fastest-levenshtein@^1.0.12
49 silly fetch manifest interpret@^3.1.1
50 silly fetch manifest rechoir@^0.8.0
51 silly fetch manifest webpack-merge@^5.7.3
52 http fetch GET 200 https://registry.npmjs.org/rechoir 512ms (cache miss)
53 http fetch GET 200 https://registry.npmjs.org/envinfo 556ms (cache miss)
54 http fetch GET 200 https://registry.npmjs.org/@discoveryjs%2fjson-ext 594ms (cache miss)
55 http fetch GET 200 https://registry.npmjs.org/@webpack-cli%2fserve 1107ms (cache miss)
56 http fetch GET 200 https://registry.npmjs.org/webpack-merge 1525ms (cache miss)
57 http fetch GET 200 https://registry.npmjs.org/commander 1549ms (cache miss)
58 http fetch GET 200 https://registry.npmjs.org/fastest-levenshtein 1620ms (cache miss)
59 http fetch GET 200 https://registry.npmjs.org/@webpack-cli%2fconfigtest 1637ms (cache miss)
60 http fetch GET 200 https://registry.npmjs.org/@webpack-cli%2finfo 2328ms (cache miss)
61 http fetch GET 200 https://registry.npmjs.org/interpret 4699ms (cache miss)
62 timing idealTree:#root Completed in 10350ms
63 silly fetch manifest typescript@^3.2.1 || ^4
64 http fetch GET 200 https://registry.npmjs.org/typescript 8972ms (cache miss)
65 silly placeDep ROOT typescript@4.9.5 REPLACE for: react-scripts@5.0.1 want: ^3.2.1 || ^4
66 timing idealTree:node_modules/react-scripts Completed in 9165ms
67 timing idealTree:node_modules/typescript Completed in 0ms
68 silly fetch manifest webpack-cli@5.x.x
69 silly placeDep ROOT @discoveryjs/json-ext@0.5.7 OK for: webpack-cli@5.1.4 want: ^0.5.0
70 silly placeDep ROOT @webpack-cli/configtest@2.1.1 OK for: webpack-cli@5.1.4 want: ^2.1.1
71 silly placeDep ROOT @webpack-cli/info@2.0.2 OK for: webpack-cli@5.1.4 want: ^2.0.2
72 silly placeDep ROOT @webpack-cli/serve@2.0.5 OK for: webpack-cli@5.1.4 want: ^2.0.5
73 silly placeDep node_modules/webpack-cli commander@10.0.1 OK for: webpack-cli@5.1.4 want: ^10.0.1
74 silly placeDep ROOT envinfo@7.11.0 OK for: webpack-cli@5.1.4 want: ^7.7.3
75 silly placeDep ROOT fastest-levenshtein@1.0.16 OK for: webpack-cli@5.1.4 want: ^1.0.12
76 silly placeDep ROOT interpret@3.1.1 OK for: webpack-cli@5.1.4 want: ^3.1.1
77 silly placeDep ROOT rechoir@0.8.0 OK for: webpack-cli@5.1.4 want: ^0.8.0
78 silly fetch manifest resolve@^1.20.0
79 silly placeDep ROOT webpack-merge@5.10.0 OK for: webpack-cli@5.1.4 want: ^5.7.3
80 silly fetch manifest clone-deep@^4.0.1
81 silly fetch manifest flat@^5.0.2
82 silly fetch manifest wildcard@^2.0.0
83 http fetch GET 200 https://registry.npmjs.org/clone-deep 165ms (cache miss)
84 http fetch GET 200 https://registry.npmjs.org/flat 186ms (cache miss)
85 http fetch GET 200 https://registry.npmjs.org/resolve 326ms (cache miss)
86 http fetch GET 200 https://registry.npmjs.org/wildcard 985ms (cache miss)
87 timing idealTree:node_modules/webpack-cli Completed in 1019ms
88 timing idealTree:node_modules/@discoveryjs/json-ext Completed in 0ms
89 timing idealTree:node_modules/@webpack-cli/configtest Completed in 0ms
90 timing idealTree:node_modules/@webpack-cli/info Completed in 0ms
91 timing idealTree:node_modules/@webpack-cli/serve Completed in 0ms
92 timing idealTree:node_modules/envinfo Completed in 0ms
93 timing idealTree:node_modules/fastest-levenshtein Completed in 0ms
94 timing idealTree:node_modules/interpret Completed in 0ms
95 silly placeDep node_modules/rechoir resolve@1.22.8 OK for: rechoir@0.8.0 want: ^1.20.0
96 timing idealTree:node_modules/rechoir Completed in 2ms
97 silly placeDep ROOT clone-deep@4.0.1 OK for: webpack-merge@5.10.0 want: ^4.0.1
98 silly fetch manifest is-plain-object@^2.0.4
99 silly fetch manifest shallow-clone@^3.0.0
100 silly placeDep ROOT flat@5.0.2 OK for: webpack-merge@5.10.0 want: ^5.0.2
101 silly placeDep ROOT wildcard@2.0.1 OK for: webpack-merge@5.10.0 want: ^2.0.0
102 http fetch GET 200 https://registry.npmjs.org/is-plain-object 61ms (cache miss)
103 http fetch GET 200 https://registry.npmjs.org/shallow-clone 62ms (cache miss)
104 timing idealTree:node_modules/webpack-merge Completed in 66ms
105 silly placeDep ROOT is-plain-object@2.0.4 OK for: clone-deep@4.0.1 want: ^2.0.4
106 silly fetch manifest isobject@^3.0.1
107 silly placeDep ROOT shallow-clone@3.0.1 OK for: clone-deep@4.0.1 want: ^3.0.0
108 http fetch GET 200 https://registry.npmjs.org/isobject 877ms (cache miss)
109 timing idealTree:node_modules/clone-deep Completed in 880ms
110 timing idealTree:node_modules/flat Completed in 0ms
111 silly placeDep ROOT isobject@3.0.1 OK for: is-plain-object@2.0.4 want: ^3.0.1
112 timing idealTree:node_modules/is-plain-object Completed in 3ms
113 timing idealTree:node_modules/isobject Completed in 0ms
114 timing idealTree:node_modules/shallow-clone Completed in 0ms
115 timing idealTree:node_modules/wildcard Completed in 0ms
116 timing idealTree:node_modules/rechoir/node_modules/resolve Completed in 0ms
117 timing idealTree:node_modules/webpack-cli/node_modules/commander Completed in 0ms
118 timing idealTree:buildDeps Completed in 21490ms
119 timing idealTree:fixDepFlags Completed in 19ms
120 timing idealTree Completed in 22339ms
121 timing reify:loadTrees Completed in 22340ms
122 timing reify:diffTrees Completed in 71ms
123 silly reify mark retired [
123 silly reify   '/Users/macbookpro/Downloads/inventory-project-main/Frontend/node_modules/typescript',
123 silly reify   '/Users/macbookpro/Downloads/inventory-project-main/Frontend/node_modules/.bin/tsc',
123 silly reify   '/Users/macbookpro/Downloads/inventory-project-main/Frontend/node_modules/.bin/tsserver'
123 silly reify ]
124 silly reify moves {
124 silly reify   '/Users/macbookpro/Downloads/inventory-project-main/Frontend/node_modules/typescript': '/Users/macbookpro/Downloads/inventory-project-main/Frontend/node_modules/.typescript-q2pTJpNt',
124 silly reify   '/Users/macbookpro/Downloads/inventory-project-main/Frontend/node_modules/.bin/tsc': '/Users/macbookpro/Downloads/inventory-project-main/Frontend/node_modules/.bin/.tsc-qTBZLakL',
124 silly reify   '/Users/macbookpro/Downloads/inventory-project-main/Frontend/node_modules/.bin/tsserver': '/Users/macbookpro/Downloads/inventory-project-main/Frontend/node_modules/.bin/.tsserver-6gempFqv'
124 silly reify }
125 timing reify:retireShallow Completed in 4ms
126 timing reify:createSparse Completed in 2ms
127 timing reify:loadBundles Completed in 0ms
128 silly audit bulk request {
128 silly audit   '@aashutoshrathi/word-wrap': [ '1.2.6' ],
128 silly audit   '@adobe/css-tools': [ '4.3.2' ],
128 silly audit   '@alloc/quick-lru': [ '5.2.0' ],
128 silly audit   '@ampproject/remapping': [ '2.2.1' ],
128 silly audit   '@babel/code-frame': [ '7.23.5' ],
128 silly audit   '@babel/compat-data': [ '7.23.5' ],
128 silly audit   '@babel/core': [ '7.23.5' ],
128 silly audit   '@babel/eslint-parser': [ '7.23.3' ],
128 silly audit   'eslint-visitor-keys': [ '2.1.0', '3.4.3' ],
128 silly audit   '@babel/generator': [ '7.23.5' ],
128 silly audit   '@babel/helper-annotate-as-pure': [ '7.22.5' ],
128 silly audit   '@babel/helper-builder-binary-assignment-operator-visitor': [ '7.22.15' ],
128 silly audit   '@babel/helper-compilation-targets': [ '7.22.15' ],
128 silly audit   '@babel/helper-create-class-features-plugin': [ '7.23.5' ],
128 silly audit   '@babel/helper-create-regexp-features-plugin': [ '7.22.15' ],
128 silly audit   '@babel/helper-define-polyfill-provider': [ '0.4.3' ],
128 silly audit   resolve: [ '1.22.8', '2.0.0-next.5' ],
128 silly audit   '@babel/helper-environment-visitor': [ '7.22.20' ],
128 silly audit   '@babel/helper-function-name': [ '7.23.0' ],
128 silly audit   '@babel/helper-hoist-variables': [ '7.22.5' ],
128 silly audit   '@babel/helper-member-expression-to-functions': [ '7.23.0' ],
128 silly audit   '@babel/helper-module-imports': [ '7.22.15' ],
128 silly audit   '@babel/helper-module-transforms': [ '7.23.3' ],
128 silly audit   '@babel/helper-optimise-call-expression': [ '7.22.5' ],
128 silly audit   '@babel/helper-plugin-utils': [ '7.22.5' ],
128 silly audit   '@babel/helper-remap-async-to-generator': [ '7.22.20' ],
128 silly audit   '@babel/helper-replace-supers': [ '7.22.20' ],
128 silly audit   '@babel/helper-simple-access': [ '7.22.5' ],
128 silly audit   '@babel/helper-skip-transparent-expression-wrappers': [ '7.22.5' ],
128 silly audit   '@babel/helper-split-export-declaration': [ '7.22.6' ],
128 silly audit   '@babel/helper-string-parser': [ '7.23.4' ],
128 silly audit   '@babel/helper-validator-identifier': [ '7.22.20' ],
128 silly audit   '@babel/helper-validator-option': [ '7.23.5' ],
128 silly audit   '@babel/helper-wrap-function': [ '7.22.20' ],
128 silly audit   '@babel/helpers': [ '7.23.5' ],
128 silly audit   '@babel/highlight': [ '7.23.4' ],
128 silly audit   '@babel/parser': [ '7.23.5' ],
128 silly audit   '@babel/plugin-bugfix-safari-id-destructuring-collision-in-function-expression': [ '7.23.3' ],
128 silly audit   '@babel/plugin-bugfix-v8-spread-parameters-in-optional-chaining': [ '7.23.3' ],
128 silly audit   '@babel/plugin-bugfix-v8-static-class-fields-redefine-readonly': [ '7.23.3' ],
128 silly audit   '@babel/plugin-proposal-class-properties': [ '7.18.6' ],
128 silly audit   '@babel/plugin-proposal-decorators': [ '7.23.5' ],
128 silly audit   '@babel/plugin-proposal-nullish-coalescing-operator': [ '7.18.6' ],
128 silly audit   '@babel/plugin-proposal-numeric-separator': [ '7.18.6' ],
128 silly audit   '@babel/plugin-proposal-optional-chaining': [ '7.21.0' ],
128 silly audit   '@babel/plugin-proposal-private-methods': [ '7.18.6' ],
128 silly audit   '@babel/plugin-proposal-private-property-in-object': [ '7.21.11', '7.21.0-placeholder-for-preset-env.2' ],
128 silly audit   '@babel/plugin-syntax-async-generators': [ '7.8.4' ],
128 silly audit   '@babel/plugin-syntax-bigint': [ '7.8.3' ],
128 silly audit   '@babel/plugin-syntax-class-properties': [ '7.12.13' ],
128 silly audit   '@babel/plugin-syntax-class-static-block': [ '7.14.5' ],
128 silly audit   '@babel/plugin-syntax-decorators': [ '7.23.3' ],
128 silly audit   '@babel/plugin-syntax-dynamic-import': [ '7.8.3' ],
128 silly audit   '@babel/plugin-syntax-export-namespace-from': [ '7.8.3' ],
128 silly audit   '@babel/plugin-syntax-flow': [ '7.23.3' ],
128 silly audit   '@babel/plugin-syntax-import-assertions': [ '7.23.3' ],
128 silly audit   '@babel/plugin-syntax-import-attributes': [ '7.23.3' ],
128 silly audit   '@babel/plugin-syntax-import-meta': [ '7.10.4' ],
128 silly audit   '@babel/plugin-syntax-json-strings': [ '7.8.3' ],
128 silly audit   '@babel/plugin-syntax-jsx': [ '7.23.3' ],
128 silly audit   '@babel/plugin-syntax-logical-assignment-operators': [ '7.10.4' ],
128 silly audit   '@babel/plugin-syntax-nullish-coalescing-operator': [ '7.8.3' ],
128 silly audit   '@babel/plugin-syntax-numeric-separator': [ '7.10.4' ],
128 silly audit   '@babel/plugin-syntax-object-rest-spread': [ '7.8.3' ],
128 silly audit   '@babel/plugin-syntax-optional-catch-binding': [ '7.8.3' ],
128 silly audit   '@babel/plugin-syntax-optional-chaining': [ '7.8.3' ],
128 silly audit   '@babel/plugin-syntax-private-property-in-object': [ '7.14.5' ],
128 silly audit   '@babel/plugin-syntax-top-level-await': [ '7.14.5' ],
128 silly audit   '@babel/plugin-syntax-typescript': [ '7.23.3' ],
128 silly audit   '@babel/plugin-syntax-unicode-sets-regex': [ '7.18.6' ],
128 silly audit   '@babel/plugin-transform-arrow-functions': [ '7.23.3' ],
128 silly audit   '@babel/plugin-transform-async-generator-functions': [ '7.23.4' ],
128 silly audit   '@babel/plugin-transform-async-to-generator': [ '7.23.3' ],
128 silly audit   '@babel/plugin-transform-block-scoped-functions': [ '7.23.3' ],
128 silly audit   '@babel/plugin-transform-block-scoping': [ '7.23.4' ],
128 silly audit   '@babel/plugin-transform-class-properties': [ '7.23.3' ],
128 silly audit   '@babel/plugin-transform-class-static-block': [ '7.23.4' ],
128 silly audit   '@babel/plugin-transform-classes': [ '7.23.5' ],
128 silly audit   '@babel/plugin-transform-computed-properties': [ '7.23.3' ],
128 silly audit   '@babel/plugin-transform-destructuring': [ '7.23.3' ],
128 silly audit   '@babel/plugin-transform-dotall-regex': [ '7.23.3' ],
128 silly audit   '@babel/plugin-transform-duplicate-keys': [ '7.23.3' ],
128 silly audit   '@babel/plugin-transform-dynamic-import': [ '7.23.4' ],
128 silly audit   '@babel/plugin-transform-exponentiation-operator': [ '7.23.3' ],
128 silly audit   '@babel/plugin-transform-export-namespace-from': [ '7.23.4' ],
128 silly audit   '@babel/plugin-transform-flow-strip-types': [ '7.23.3' ],
128 silly audit   '@babel/plugin-transform-for-of': [ '7.23.3' ],
128 silly audit   '@babel/plugin-transform-function-name': [ '7.23.3' ],
128 silly audit   '@babel/plugin-transform-json-strings': [ '7.23.4' ],
128 silly audit   '@babel/plugin-transform-literals': [ '7.23.3' ],
128 silly audit   '@babel/plugin-transform-logical-assignment-operators': [ '7.23.4' ],
128 silly audit   '@babel/plugin-transform-member-expression-literals': [ '7.23.3' ],
128 silly audit   '@babel/plugin-transform-modules-amd': [ '7.23.3' ],
128 silly audit   '@babel/plugin-transform-modules-commonjs': [ '7.23.3' ],
128 silly audit   '@babel/plugin-transform-modules-systemjs': [ '7.23.3' ],
128 silly audit   '@babel/plugin-transform-modules-umd': [ '7.23.3' ],
128 silly audit   '@babel/plugin-transform-named-capturing-groups-regex': [ '7.22.5' ],
128 silly audit   '@babel/plugin-transform-new-target': [ '7.23.3' ],
128 silly audit   '@babel/plugin-transform-nullish-coalescing-operator': [ '7.23.4' ],
128 silly audit   '@babel/plugin-transform-numeric-separator': [ '7.23.4' ],
128 silly audit   '@babel/plugin-transform-object-rest-spread': [ '7.23.4' ],
128 silly audit   '@babel/plugin-transform-object-super': [ '7.23.3' ],
128 silly audit   '@babel/plugin-transform-optional-catch-binding': [ '7.23.4' ],
128 silly audit   '@babel/plugin-transform-optional-chaining': [ '7.23.4' ],
128 silly audit   '@babel/plugin-transform-parameters': [ '7.23.3' ],
128 silly audit   '@babel/plugin-transform-private-methods': [ '7.23.3' ],
128 silly audit   '@babel/plugin-transform-private-property-in-object': [ '7.23.4' ],
128 silly audit   '@babel/plugin-transform-property-literals': [ '7.23.3' ],
128 silly audit   '@babel/plugin-transform-react-constant-elements': [ '7.23.3' ],
128 silly audit   '@babel/plugin-transform-react-display-name': [ '7.23.3' ],
128 silly audit   '@babel/plugin-transform-react-jsx': [ '7.23.4' ],
128 silly audit   '@babel/plugin-transform-react-jsx-development': [ '7.22.5' ],
128 silly audit   '@babel/plugin-transform-react-pure-annotations': [ '7.23.3' ],
128 silly audit   '@babel/plugin-transform-regenerator': [ '7.23.3' ],
128 silly audit   '@babel/plugin-transform-reserved-words': [ '7.23.3' ],
128 silly audit   '@babel/plugin-transform-runtime': [ '7.23.4' ],
128 silly audit   '@babel/plugin-transform-shorthand-properties': [ '7.23.3' ],
128 silly audit   '@babel/plugin-transform-spread': [ '7.23.3' ],
128 silly audit   '@babel/plugin-transform-sticky-regex': [ '7.23.3' ],
128 silly audit   '@babel/plugin-transform-template-literals': [ '7.23.3' ],
128 silly audit   '@babel/plugin-transform-typeof-symbol': [ '7.23.3' ],
128 silly audit   '@babel/plugin-transform-typescript': [ '7.23.5' ],
128 silly audit   '@babel/plugin-transform-unicode-escapes': [ '7.23.3' ],
128 silly audit   '@babel/plugin-transform-unicode-property-regex': [ '7.23.3' ],
128 silly audit   '@babel/plugin-transform-unicode-regex': [ '7.23.3' ],
128 silly audit   '@babel/plugin-transform-unicode-sets-regex': [ '7.23.3' ],
128 silly audit   '@babel/preset-env': [ '7.23.5' ],
128 silly audit   '@babel/preset-modules': [ '0.1.6-no-external-plugins' ],
128 silly audit   '@babel/preset-react': [ '7.23.3' ],
128 silly audit   '@babel/preset-typescript': [ '7.23.3' ],
128 silly audit   '@babel/regjsgen': [ '0.8.0' ],
128 silly audit   '@babel/runtime': [ '7.23.5' ],
128 silly audit   '@babel/template': [ '7.22.15' ],
128 silly audit   '@babel/traverse': [ '7.23.5' ],
128 silly audit   '@babel/types': [ '7.23.5' ],
128 silly audit   '@bcoe/v8-coverage': [ '0.2.3' ],
128 silly audit   '@csstools/normalize.css': [ '12.0.0' ],
128 silly audit   '@csstools/postcss-cascade-layers': [ '1.1.1' ],
128 silly audit   '@csstools/postcss-color-function': [ '1.1.1' ],
128 silly audit   '@csstools/postcss-font-format-keywords': [ '1.0.1' ],
128 silly audit   '@csstools/postcss-hwb-function': [ '1.0.2' ],
128 silly audit   '@csstools/postcss-ic-unit': [ '1.0.1' ],
128 silly audit   '@csstools/postcss-is-pseudo-class': [ '2.0.7' ],
128 silly audit   '@csstools/postcss-nested-calc': [ '1.0.0' ],
128 silly audit   '@csstools/postcss-normalize-display-values': [ '1.0.1' ],
128 silly audit   '@csstools/postcss-oklab-function': [ '1.1.1' ],
128 silly audit   '@csstools/postcss-progressive-custom-properties': [ '1.3.0' ],
128 silly audit   '@csstools/postcss-stepped-value-functions': [ '1.0.1' ],
128 silly audit   '@csstools/postcss-text-decoration-shorthand': [ '1.0.0' ],
128 silly audit   '@csstools/postcss-trigonometric-functions': [ '1.0.2' ],
128 silly audit   '@csstools/postcss-unset-value': [ '1.0.2' ],
128 silly audit   '@csstools/selector-specificity': [ '2.2.0' ],
128 silly audit   '@eslint-community/eslint-utils': [ '4.4.0' ],
128 silly audit   '@eslint-community/regexpp': [ '4.10.0' ],
128 silly audit   '@eslint/eslintrc': [ '2.1.4' ],
128 silly audit   globals: [ '13.23.0', '11.12.0' ],
128 silly audit   'type-fest': [ '0.20.2', '0.16.0', '0.21.3' ],
128 silly audit   '@eslint/js': [ '8.55.0' ],
128 silly audit   '@fortawesome/fontawesome-common-types': [ '6.5.1' ],
128 silly audit   '@fortawesome/fontawesome-svg-core': [ '6.5.1' ],
128 silly audit   '@fortawesome/free-solid-svg-icons': [ '6.5.1' ],
128 silly audit   '@fortawesome/react-fontawesome': [ '0.2.0' ],
128 silly audit   '@humanwhocodes/config-array': [ '0.11.13' ],
128 silly audit   '@humanwhocodes/module-importer': [ '1.0.1' ],
128 silly audit   '@humanwhocodes/object-schema': [ '2.0.1' ],
128 silly audit   '@istanbuljs/load-nyc-config': [ '1.1.0' ],
128 silly audit   argparse: [ '1.0.10', '2.0.1' ],
128 silly audit   camelcase: [ '5.3.1', '6.3.0' ],
128 silly audit   'find-up': [ '4.1.0', '5.0.0', '3.0.0' ],
128 silly audit   'js-yaml': [ '3.14.1', '4.1.0' ],
128 silly audit   'locate-path': [ '5.0.0', '6.0.0', '3.0.0' ],
128 silly audit   'p-limit': [ '2.3.0', '3.1.0' ],
128 silly audit   'p-locate': [ '4.1.0', '5.0.0', '3.0.0' ],
128 silly audit   'resolve-from': [ '5.0.0', '4.0.0' ],
128 silly audit   '@istanbuljs/schema': [ '0.1.3' ],
128 silly audit   '@jest/console': [ '27.5.1', '28.1.3' ],
128 silly audit   '@jest/types': [ '27.5.1', '29.6.3', '28.1.3' ],
128 silly audit   '@types/yargs': [ '16.0.9', '17.0.32' ],
128 silly audit   'ansi-styles': [ '4.3.0', '5.2.0', '3.2.1' ],
128 silly audit   chalk: [ '4.1.2', '3.0.0', '2.4.2' ],
128 silly audit   'color-convert': [ '2.0.1', '1.9.3' ],
128 silly audit   'color-name': [ '1.1.4', '1.1.3' ],
128 silly audit   'has-flag': [ '4.0.0', '3.0.0' ],
128 silly audit   'jest-message-util': [ '27.5.1', '29.7.0', '28.1.3' ],
128 silly audit   'jest-util': [ '27.5.1', '29.7.0', '28.1.3' ],
128 silly audit   'supports-color': [ '7.2.0', '8.1.1', '5.5.0' ],
128 silly audit   '@jest/core': [ '27.5.1' ],
128 silly audit   '@jest/environment': [ '27.5.1' ],
128 silly audit   '@jest/expect-utils': [ '29.7.0' ],
128 silly audit   '@jest/fake-timers': [ '27.5.1' ],
128 silly audit   '@jest/globals': [ '27.5.1' ],
128 silly audit   'diff-sequences': [ '27.5.1', '29.6.3' ],
128 silly audit   expect: [ '27.5.1', '29.7.0' ],
128 silly audit   'jest-diff': [ '27.5.1', '29.7.0' ],
128 silly audit   'jest-get-type': [ '27.5.1', '29.6.3' ],
128 silly audit   'jest-matcher-utils': [ '27.5.1', '29.7.0' ],
128 silly audit   '@jest/reporters': [ '27.5.1' ],
128 silly audit   'source-map': [ '0.6.1', '0.7.4', '0.8.0-beta.0' ],
128 silly audit   '@jest/schemas': [ '29.6.3', '28.1.3' ],
128 silly audit   '@jest/source-map': [ '27.5.1' ],
128 silly audit   '@jest/test-result': [ '27.5.1', '28.1.3' ],
128 silly audit   '@jest/test-sequencer': [ '27.5.1' ],
128 silly audit   '@jest/transform': [ '27.5.1' ],
128 silly audit   'convert-source-map': [ '1.9.0', '2.0.0' ],
128 silly audit   '@jridgewell/gen-mapping': [ '0.3.3' ],
128 silly audit   '@jridgewell/resolve-uri': [ '3.1.1' ],
128 silly audit   '@jridgewell/set-array': [ '1.1.2' ],
128 silly audit   '@jridgewell/source-map': [ '0.3.5' ],
128 silly audit   '@jridgewell/sourcemap-codec': [ '1.4.15' ],
128 silly audit   '@jridgewell/trace-mapping': [ '0.3.20' ],
128 silly audit   '@leichtgewicht/ip-codec': [ '2.0.4' ],
128 silly audit   '@nicolo-ribaudo/eslint-scope-5-internals': [ '5.1.1-v1' ],
128 silly audit   'eslint-scope': [ '5.1.1', '7.2.2' ],
128 silly audit   estraverse: [ '4.3.0', '5.3.0' ],
128 silly audit   '@nodelib/fs.scandir': [ '2.1.5' ],
128 silly audit   '@nodelib/fs.stat': [ '2.0.5' ],
128 silly audit   '@nodelib/fs.walk': [ '1.2.8' ],
128 silly audit   '@pmmmwh/react-refresh-webpack-plugin': [ '0.5.11' ],
128 silly audit   '@remix-run/router': [ '1.13.1' ],
128 silly audit   '@rollup/plugin-babel': [ '5.3.1' ],
128 silly audit   '@rollup/plugin-node-resolve': [ '11.2.1' ],
128 silly audit   '@rollup/plugin-replace': [ '2.4.2' ],
128 silly audit   '@rollup/pluginutils': [ '3.1.0' ],
128 silly audit   '@types/estree': [ '0.0.39', '1.0.5' ],
128 silly audit   '@rushstack/eslint-patch': [ '1.6.0' ],
128 silly audit   '@sinclair/typebox': [ '0.27.8', '0.24.51' ],
128 silly audit   '@sinonjs/commons': [ '1.8.6' ],
128 silly audit   '@sinonjs/fake-timers': [ '8.1.0' ],
128 silly audit   '@surma/rollup-plugin-off-main-thread': [ '2.2.3' ],
128 silly audit   '@svgr/babel-plugin-add-jsx-attribute': [ '5.4.0' ],
128 silly audit   '@svgr/babel-plugin-remove-jsx-attribute': [ '5.4.0' ],
128 silly audit   '@svgr/babel-plugin-remove-jsx-empty-expression': [ '5.0.1' ],
128 silly audit   '@svgr/babel-plugin-replace-jsx-attribute-value': [ '5.0.1' ],
128 silly audit   '@svgr/babel-plugin-svg-dynamic-title': [ '5.4.0' ],
128 silly audit   '@svgr/babel-plugin-svg-em-dimensions': [ '5.4.0' ],
128 silly audit   '@svgr/babel-plugin-transform-react-native-svg': [ '5.4.0' ],
128 silly audit   '@svgr/babel-plugin-transform-svg-component': [ '5.5.0' ],
128 silly audit   '@svgr/babel-preset': [ '5.5.0' ],
128 silly audit   '@svgr/core': [ '5.5.0' ],
128 silly audit   '@svgr/hast-util-to-babel-ast': [ '5.5.0' ],
128 silly audit   '@svgr/plugin-jsx': [ '5.5.0' ],
128 silly audit   '@svgr/plugin-svgo': [ '5.5.0' ],
128 silly audit   '@svgr/webpack': [ '5.5.0' ],
128 silly audit   '@testing-library/dom': [ '9.3.3', '8.20.1' ],
128 silly audit   '@testing-library/jest-dom': [ '5.17.0' ],
128 silly audit   '@testing-library/react': [ '13.4.0' ],
128 silly audit   '@testing-library/user-event': [ '13.5.0' ],
128 silly audit   '@tootallnate/once': [ '1.1.2' ],
128 silly audit   '@trysound/sax': [ '0.2.0' ],
128 silly audit   '@types/aria-query': [ '5.0.4' ],
128 silly audit   '@types/babel__core': [ '7.20.5' ],
128 silly audit   '@types/babel__generator': [ '7.6.7' ],
128 silly audit   '@types/babel__template': [ '7.4.4' ],
128 silly audit   '@types/babel__traverse': [ '7.20.4' ],
128 silly audit   '@types/body-parser': [ '1.19.5' ],
128 silly audit   '@types/bonjour': [ '3.5.13' ],
128 silly audit   '@types/connect': [ '3.4.38' ],
128 silly audit   '@types/connect-history-api-fallback': [ '1.5.4' ],
128 silly audit   '@types/eslint': [ '8.44.8' ],
128 silly audit   '@types/eslint-scope': [ '3.7.7' ],
128 silly audit   '@types/express': [ '4.17.21' ],
128 silly audit   '@types/express-serve-static-core': [ '4.17.41' ],
128 silly audit   '@types/graceful-fs': [ '4.1.9' ],
128 silly audit   '@types/html-minifier-terser': [ '6.1.0' ],
128 silly audit   '@types/http-errors': [ '2.0.4' ],
128 silly audit   '@types/http-proxy': [ '1.17.14' ],
128 silly audit   '@types/istanbul-lib-coverage': [ '2.0.6' ],
128 silly audit   '@types/istanbul-lib-report': [ '3.0.3' ],
128 silly audit   '@types/istanbul-reports': [ '3.0.4' ],
128 silly audit   '@types/jest': [ '29.5.10' ],
128 silly audit   'pretty-format': [ '29.7.0', '28.1.3', '27.5.1' ],
128 silly audit   'react-is': [ '18.2.0', '16.13.1', '17.0.2' ],
128 silly audit   '@types/json-schema': [ '7.0.15' ],
128 silly audit   '@types/json5': [ '0.0.29' ],
128 silly audit   '@types/mime': [ '1.3.5' ],
128 silly audit   '@types/node': [ '20.10.3' ],
128 silly audit   '@types/node-forge': [ '1.3.10' ],
128 silly audit   '@types/parse-json': [ '4.0.2' ],
128 silly audit   '@types/prettier': [ '2.7.3' ],
128 silly audit   '@types/prop-types': [ '15.7.11' ],
128 silly audit   '@types/q': [ '1.5.8' ],
128 silly audit   '@types/qs': [ '6.9.10' ],
128 silly audit   '@types/range-parser': [ '1.2.7' ],
128 silly audit   '@types/react': [ '18.2.41' ],
128 silly audit   '@types/react-dom': [ '18.2.17' ],
128 silly audit   '@types/resolve': [ '1.17.1' ],
128 silly audit   '@types/retry': [ '0.12.0' ],
128 silly audit   '@types/scheduler': [ '0.16.8' ],
128 silly audit   '@types/semver': [ '7.5.6' ],
128 silly audit   '@types/send': [ '0.17.4' ],
128 silly audit   '@types/serve-index': [ '1.9.4' ],
128 silly audit   '@types/serve-static': [ '1.15.5' ],
128 silly audit   '@types/sockjs': [ '0.3.36' ],
128 silly audit   '@types/stack-utils': [ '2.0.3' ],
128 silly audit   '@types/testing-library__jest-dom': [ '5.14.9' ],
128 silly audit   '@types/trusted-types': [ '2.0.7' ],
128 silly audit   '@types/ws': [ '8.5.10' ],
128 silly audit   '@types/yargs-parser': [ '21.0.3' ],
128 silly audit   '@typescript-eslint/eslint-plugin': [ '5.62.0' ],
128 silly audit   'lru-cache': [ '6.0.0', '5.1.1' ],
128 silly audit   semver: [ '7.5.4', '6.3.1' ],
128 silly audit   yallist: [ '4.0.0', '3.1.1' ],
128 silly audit   '@typescript-eslint/experimental-utils': [ '5.62.0' ],
128 silly audit   '@typescript-eslint/parser': [ '5.62.0' ],
128 silly audit   '@typescript-eslint/scope-manager': [ '5.62.0' ],
128 silly audit   '@typescript-eslint/type-utils': [ '5.62.0' ],
128 silly audit   '@typescript-eslint/types': [ '5.62.0' ],
128 silly audit   '@typescript-eslint/typescript-estree': [ '5.62.0' ],
128 silly audit   '@typescript-eslint/utils': [ '5.62.0' ],
128 silly audit   '@typescript-eslint/visitor-keys': [ '5.62.0' ],
128 silly audit   '@ungap/structured-clone': [ '1.2.0' ],
128 silly audit   '@webassemblyjs/ast': [ '1.11.6' ],
128 silly audit   '@webassemblyjs/floating-point-hex-parser': [ '1.11.6' ],
128 silly audit   '@webassemblyjs/helper-api-error': [ '1.11.6' ],
128 silly audit   '@webassemblyjs/helper-buffer': [ '1.11.6' ],
128 silly audit   '@webassemblyjs/helper-numbers': [ '1.11.6' ],
128 silly audit   '@webassemblyjs/helper-wasm-bytecode': [ '1.11.6' ],
128 silly audit   '@webassemblyjs/helper-wasm-section': [ '1.11.6' ],
128 silly audit   '@webassemblyjs/ieee754': [ '1.11.6' ],
128 silly audit   '@webassemblyjs/leb128': [ '1.11.6' ],
128 silly audit   '@webassemblyjs/utf8': [ '1.11.6' ],
128 silly audit   '@webassemblyjs/wasm-edit': [ '1.11.6' ],
128 silly audit   '@webassemblyjs/wasm-gen': [ '1.11.6' ],
128 silly audit   '@webassemblyjs/wasm-opt': [ '1.11.6' ],
128 silly audit   '@webassemblyjs/wasm-parser': [ '1.11.6' ],
128 silly audit   '@webassemblyjs/wast-printer': [ '1.11.6' ],
128 silly audit   '@xtuc/ieee754': [ '1.2.0' ],
128 silly audit   '@xtuc/long': [ '4.2.2' ],
128 silly audit   abab: [ '2.0.6' ],
128 silly audit   accepts: [ '1.3.8' ],
128 silly audit   acorn: [ '8.11.2', '7.4.1' ],
128 silly audit   'acorn-globals': [ '6.0.0' ],
128 silly audit   'acorn-import-assertions': [ '1.9.0' ],
128 silly audit   'acorn-jsx': [ '5.3.2' ],
128 silly audit   'acorn-walk': [ '7.2.0' ],
128 silly audit   address: [ '1.2.2' ],
128 silly audit   'adjust-sourcemap-loader': [ '4.0.0' ],
128 silly audit   'agent-base': [ '6.0.2' ],
128 silly audit   ajv: [ '6.12.6', '8.12.0' ],
128 silly audit   'ajv-formats': [ '2.1.1' ],
128 silly audit   'json-schema-traverse': [ '1.0.0', '0.4.1' ],
128 silly audit   'ajv-keywords': [ '3.5.2', '5.1.0' ],
128 silly audit   'ansi-escapes': [ '4.3.2' ],
128 silly audit   'ansi-html-community': [ '0.0.8' ],
128 silly audit   'ansi-regex': [ '5.0.1', '6.0.1' ],
128 silly audit   'any-promise': [ '1.3.0' ],
128 silly audit   anymatch: [ '3.1.3' ],
128 silly audit   arg: [ '5.0.2' ],
128 silly audit   'aria-query': [ '5.1.3', '5.3.0' ],
128 silly audit   'array-buffer-byte-length': [ '1.0.0' ],
128 silly audit   'array-flatten': [ '1.1.1', '2.1.2' ],
128 silly audit   'array-includes': [ '3.1.7' ],
128 silly audit   'array-union': [ '2.1.0' ],
128 silly audit   'array.prototype.findlastindex': [ '1.2.3' ],
128 silly audit   'array.prototype.flat': [ '1.3.2' ],
128 silly audit   'array.prototype.flatmap': [ '1.3.2' ],
128 silly audit   'array.prototype.reduce': [ '1.0.6' ],
128 silly audit   'array.prototype.tosorted': [ '1.1.2' ],
128 silly audit   'arraybuffer.prototype.slice': [ '1.0.2' ],
128 silly audit   asap: [ '2.0.6' ],
128 silly audit   'ast-types-flow': [ '0.0.8' ],
128 silly audit   async: [ '3.2.5' ],
128 silly audit   'asynciterator.prototype': [ '1.0.0' ],
128 silly audit   asynckit: [ '0.4.0' ],
128 silly audit   'at-least-node': [ '1.0.0' ],
128 silly audit   autoprefixer: [ '10.4.16' ],
128 silly audit   'available-typed-arrays': [ '1.0.5' ],
128 silly audit   'axe-core': [ '4.7.0' ],
128 silly audit   axios: [ '1.6.2' ],
128 silly audit   'axobject-query': [ '3.2.1' ],
128 silly audit   'babel-jest': [ '27.5.1' ],
128 silly audit   'babel-loader': [ '8.3.0' ],
128 silly audit   'schema-utils': [ '2.7.1', '4.2.0', '2.7.0', '3.3.0' ],
128 silly audit   'babel-plugin-istanbul': [ '6.1.1' ],
128 silly audit   'babel-plugin-jest-hoist': [ '27.5.1' ],
128 silly audit   'babel-plugin-macros': [ '3.1.0' ],
128 silly audit   'babel-plugin-named-asset-import': [ '0.3.8' ],
128 silly audit   'babel-plugin-polyfill-corejs2': [ '0.4.6' ],
128 silly audit   'babel-plugin-polyfill-corejs3': [ '0.8.6' ],
128 silly audit   'babel-plugin-polyfill-regenerator': [ '0.5.3' ],
128 silly audit   'babel-plugin-transform-react-remove-prop-types': [ '0.4.24' ],
128 silly audit   'babel-preset-current-node-syntax': [ '1.0.1' ],
128 silly audit   'babel-preset-jest': [ '27.5.1' ],
128 silly audit   'babel-preset-react-app': [ '10.0.1' ],
128 silly audit   'balanced-match': [ '1.0.2' ],
128 silly audit   batch: [ '0.6.1' ],
128 silly audit   bfj: [ '7.1.0' ],
128 silly audit   'big.js': [ '5.2.2' ],
128 silly audit   'binary-extensions': [ '2.2.0' ],
128 silly audit   bluebird: [ '3.7.2' ],
128 silly audit   'body-parser': [ '1.20.1' ],
128 silly audit   debug: [ '2.6.9', '4.3.4', '3.2.7' ],
128 silly audit   ms: [ '2.0.0', '2.1.2', '2.1.3' ],
128 silly audit   'bonjour-service': [ '1.1.1' ],
128 silly audit   boolbase: [ '1.0.0' ],
128 silly audit   'brace-expansion': [ '1.1.11', '2.0.1' ],
128 silly audit   braces: [ '3.0.2' ],
128 silly audit   'browser-process-hrtime': [ '1.0.0' ],
128 silly audit   browserslist: [ '4.22.2' ],
128 silly audit   bser: [ '2.1.1' ],
128 silly audit   'buffer-equal-constant-time': [ '1.0.1' ],
128 silly audit   'buffer-from': [ '1.1.2' ],
128 silly audit   'builtin-modules': [ '3.3.0' ],
128 silly audit   bulma: [ '0.9.4' ],
128 silly audit   bytes: [ '3.1.2', '3.0.0' ],
128 silly audit   'call-bind': [ '1.0.5' ],
128 silly audit   callsites: [ '3.1.0' ],
128 silly audit   'camel-case': [ '4.1.2' ],
128 silly audit   'camelcase-css': [ '2.0.1' ],
128 silly audit   'caniuse-api': [ '3.0.0' ],
128 silly audit   'caniuse-lite': [ '1.0.30001566' ],
128 silly audit   'case-sensitive-paths-webpack-plugin': [ '2.4.0' ],
128 silly audit   'char-regex': [ '1.0.2', '2.0.1' ],
128 silly audit   'check-types': [ '11.2.3' ],
128 silly audit   chokidar: [ '3.5.3' ],
128 silly audit   'glob-parent': [ '5.1.2', '6.0.2' ],
128 silly audit   'chrome-trace-event': [ '1.0.3' ],
128 silly audit   'ci-info': [ '3.9.0' ],
128 silly audit   'cjs-module-lexer': [ '1.2.3' ],
128 silly audit   classnames: [ '2.3.2' ],
128 silly audit   'clean-css': [ '5.3.3' ],
128 silly audit   cliui: [ '6.0.0', '7.0.4' ],
128 silly audit   co: [ '4.6.0' ],
128 silly audit   coa: [ '2.0.2' ],
128 silly audit   'collect-v8-coverage': [ '1.0.2' ],
128 silly audit   colord: [ '2.9.3' ],
128 silly audit   colorette: [ '2.0.20' ],
128 silly audit   'combined-stream': [ '1.0.8' ],
128 silly audit   commander: [ '8.3.0', '7.2.0', '4.1.1', '2.20.3', '10.0.1' ],
128 silly audit   'common-path-prefix': [ '3.0.0' ],
128 silly audit   'common-tags': [ '1.8.2' ],
128 silly audit   commondir: [ '1.0.1' ],
128 silly audit   compressible: [ '2.0.18' ],
128 silly audit   compression: [ '1.7.4' ],
128 silly audit   'safe-buffer': [ '5.1.2', '5.2.1' ],
128 silly audit   'concat-map': [ '0.0.1' ],
128 silly audit   'confusing-browser-globals': [ '1.0.11' ],
128 silly audit   'connect-history-api-fallback': [ '2.0.0' ],
128 silly audit   'content-disposition': [ '0.5.4' ],
128 silly audit   'content-type': [ '1.0.5' ],
128 silly audit   cookie: [ '0.5.0' ],
128 silly audit   'cookie-signature': [ '1.0.6' ],
128 silly audit   'core-js': [ '3.33.3' ],
128 silly audit   'core-js-compat': [ '3.33.3' ],
128 silly audit   'core-js-pure': [ '3.33.3' ],
128 silly audit   'core-util-is': [ '1.0.3' ],
128 silly audit   cosmiconfig: [ '7.1.0', '6.0.0' ],
128 silly audit   'cross-spawn': [ '7.0.3' ],
128 silly audit   'crypto-random-string': [ '2.0.0' ],
128 silly audit   'css-blank-pseudo': [ '3.0.3' ],
128 silly audit   'css-declaration-sorter': [ '6.4.1' ],
128 silly audit   'css-has-pseudo': [ '3.0.4' ],
128 silly audit   'css-loader': [ '6.8.1' ],
128 silly audit   'css-minimizer-webpack-plugin': [ '3.4.1' ],
128 silly audit   'css-prefers-color-scheme': [ '6.0.3' ],
128 silly audit   'css-select': [ '4.3.0', '2.1.0' ],
128 silly audit   'css-select-base-adapter': [ '0.1.1' ],
128 silly audit   'css-selector-tokenizer': [ '0.8.0' ],
128 silly audit   'css-tree': [ '1.0.0-alpha.37', '1.1.3' ],
128 silly audit   'css-what': [ '6.1.0', '3.4.2' ],
128 silly audit   'css.escape': [ '1.5.1' ],
128 silly audit   cssdb: [ '7.9.0' ],
128 silly audit   cssesc: [ '3.0.0' ],
128 silly audit   cssnano: [ '5.1.15' ],
128 silly audit   'cssnano-preset-default': [ '5.2.14' ],
128 silly audit   'cssnano-utils': [ '3.1.0' ],
128 silly audit   csso: [ '4.2.0' ],
128 silly audit   'mdn-data': [ '2.0.14', '2.0.4' ],
128 silly audit   cssom: [ '0.4.4', '0.3.8' ],
128 silly audit   cssstyle: [ '2.3.0' ],
128 silly audit   csstype: [ '3.1.2' ],
128 silly audit   culori: [ '3.3.0' ],
128 silly audit   daisyui: [ '4.4.19' ],
128 silly audit   'damerau-levenshtein': [ '1.0.8' ],
128 silly audit   'data-urls': [ '2.0.0' ],
128 silly audit   decamelize: [ '1.2.0' ],
128 silly audit   'decimal.js': [ '10.4.3' ],
128 silly audit   dedent: [ '0.7.0' ],
128 silly audit   'deep-equal': [ '2.2.3' ],
128 silly audit   'deep-is': [ '0.1.4' ],
128 silly audit   deepmerge: [ '4.3.1' ],
128 silly audit   'default-gateway': [ '6.0.3' ],
128 silly audit   'define-data-property': [ '1.1.1' ],
128 silly audit   'define-lazy-prop': [ '2.0.0' ],
128 silly audit   'define-properties': [ '1.2.1' ],
128 silly audit   'delayed-stream': [ '1.0.0' ],
128 silly audit   depd: [ '2.0.0', '1.1.2' ],
128 silly audit   dequal: [ '2.0.3' ],
128 silly audit   destroy: [ '1.2.0' ],
128 silly audit   'detect-newline': [ '3.1.0' ],
128 silly audit   'detect-node': [ '2.1.0' ],
128 silly audit   'detect-port-alt': [ '1.1.6' ],
128 silly audit   didyoumean: [ '1.2.2' ],
128 silly audit   dijkstrajs: [ '1.0.3' ],
128 silly audit   'dir-glob': [ '3.0.1' ],
128 silly audit   dlv: [ '1.1.3' ],
128 silly audit   'dns-equal': [ '1.0.0' ],
128 silly audit   'dns-packet': [ '5.6.1' ],
128 silly audit   doctrine: [ '3.0.0', '2.1.0' ],
128 silly audit   'dom-accessibility-api': [ '0.5.16' ],
128 silly audit   'dom-converter': [ '0.2.0' ],
128 silly audit   'dom-serializer': [ '1.4.1', '0.2.2' ],
128 silly audit   domelementtype: [ '2.3.0', '1.3.1' ],
128 silly audit   domexception: [ '2.0.1' ],
128 silly audit   'webidl-conversions': [ '5.0.0', '6.1.0', '4.0.2' ],
128 silly audit   domhandler: [ '4.3.1' ],
128 silly audit   domutils: [ '2.8.0', '1.7.0' ],
128 silly audit   'dot-case': [ '3.0.4' ],
128 silly audit   dotenv: [ '10.0.0' ],
128 silly audit   'dotenv-expand': [ '5.1.0' ],
128 silly audit   duplexer: [ '0.1.2' ],
128 silly audit   'ecdsa-sig-formatter': [ '1.0.11' ],
128 silly audit   'ee-first': [ '1.1.1' ],
128 silly audit   ejs: [ '3.1.9' ],
128 silly audit   'electron-to-chromium': [ '1.4.601' ],
128 silly audit   emittery: [ '0.8.1', '0.10.2' ],
128 silly audit   'emoji-regex': [ '9.2.2', '8.0.0' ],
128 silly audit   'emojis-list': [ '3.0.0' ],
128 silly audit   'encode-utf8': [ '1.0.3' ],
128 silly audit   encodeurl: [ '1.0.2' ],
128 silly audit   'enhanced-resolve': [ '5.15.0' ],
128 silly audit   'enquire.js': [ '2.1.6' ],
128 silly audit   entities: [ '2.2.0' ],
128 silly audit   'error-ex': [ '1.3.2' ],
128 silly audit   'error-stack-parser': [ '2.1.4' ],
128 silly audit   'es-abstract': [ '1.22.3' ],
128 silly audit   'es-array-method-boxes-properly': [ '1.0.0' ],
128 silly audit   'es-get-iterator': [ '1.1.3' ],
128 silly audit   'es-iterator-helpers': [ '1.0.15' ],
128 silly audit   'es-module-lexer': [ '1.4.1' ],
128 silly audit   'es-set-tostringtag': [ '2.0.2' ],
128 silly audit   'es-shim-unscopables': [ '1.0.2' ],
128 silly audit   'es-to-primitive': [ '1.2.1' ],
128 silly audit   escalade: [ '3.1.1' ],
128 silly audit   'escape-html': [ '1.0.3' ],
128 silly audit   'escape-string-regexp': [ '1.0.5', '4.0.0', '2.0.0' ],
128 silly audit   escodegen: [ '2.1.0', '1.14.3' ],
128 silly audit   eslint: [ '8.55.0' ],
128 silly audit   'eslint-config-react-app': [ '7.0.1' ],
128 silly audit   'eslint-import-resolver-node': [ '0.3.9' ],
128 silly audit   'eslint-module-utils': [ '2.8.0' ],
128 silly audit   'eslint-plugin-flowtype': [ '8.0.3' ],
128 silly audit   'eslint-plugin-import': [ '2.29.0' ],
128 silly audit   'eslint-plugin-jest': [ '25.7.0' ],
128 silly audit   'eslint-plugin-jsx-a11y': [ '6.8.0' ],
128 silly audit   'eslint-plugin-react': [ '7.33.2' ],
128 silly audit   'eslint-plugin-react-hooks': [ '4.6.0' ],
128 silly audit   'eslint-plugin-testing-library': [ '5.11.1' ],
128 silly audit   'eslint-webpack-plugin': [ '3.2.0' ],
128 silly audit   'jest-worker': [ '28.1.3', '27.5.1', '26.6.2' ],
128 silly audit   espree: [ '9.6.1' ],
128 silly audit   esprima: [ '4.0.1', '1.2.2' ],
128 silly audit   esquery: [ '1.5.0' ],
128 silly audit   esrecurse: [ '4.3.0' ],
128 silly audit   'estree-walker': [ '1.0.1' ],
128 silly audit   esutils: [ '2.0.3' ],
128 silly audit   etag: [ '1.8.1' ],
128 silly audit   eventemitter3: [ '4.0.7' ],
128 silly audit   events: [ '3.3.0' ],
128 silly audit   execa: [ '5.1.1' ],
128 silly audit   exenv: [ '1.2.2' ],
128 silly audit   exit: [ '0.1.2' ],
128 silly audit   express: [ '4.18.2' ],
128 silly audit   'fast-deep-equal': [ '3.1.3' ],
128 silly audit   'fast-glob': [ '3.3.2' ],
128 silly audit   'fast-json-stable-stringify': [ '2.1.0' ],
128 silly audit   'fast-levenshtein': [ '2.0.6' ],
128 silly audit   fastparse: [ '1.1.2' ],
128 silly audit   fastq: [ '1.15.0' ],
128 silly audit   'faye-websocket': [ '0.11.4' ],
128 silly audit   'fb-watchman': [ '2.0.2' ],
128 silly audit   'file-entry-cache': [ '6.0.1' ],
128 silly audit   'file-loader': [ '6.2.0' ],
128 silly audit   filelist: [ '1.0.4' ],
128 silly audit   minimatch: [ '5.1.6', '3.1.2' ],
128 silly audit   filesize: [ '8.0.7' ],
128 silly audit   'fill-range': [ '7.0.1' ],
128 silly audit   finalhandler: [ '1.2.0' ],
128 silly audit   'find-cache-dir': [ '3.3.2' ],
128 silly audit   'flat-cache': [ '3.2.0' ],
128 silly audit   flatted: [ '3.2.9' ],
128 silly audit   'follow-redirects': [ '1.15.3' ],
128 silly audit   'for-each': [ '0.3.3' ],
128 silly audit   'fork-ts-checker-webpack-plugin': [ '6.5.3' ],
128 silly audit   'fs-extra': [ '9.1.0', '10.1.0' ],
128 silly audit   tapable: [ '1.1.3', '2.2.1' ],
128 silly audit   'form-data': [ '4.0.0', '3.0.1' ],
128 silly audit   forwarded: [ '0.2.0' ],
128 silly audit   'fraction.js': [ '4.3.7' ],
128 silly audit   fresh: [ '0.5.2' ],
128 silly audit   'fs-monkey': [ '1.0.5' ],
128 silly audit   'fs.realpath': [ '1.0.0' ],
128 silly audit   fsevents: [ '2.3.3' ],
128 silly audit   'function-bind': [ '1.1.2' ],
128 silly audit   'function.prototype.name': [ '1.1.6' ],
128 silly audit   'functions-have-names': [ '1.2.3' ],
128 silly audit   gensync: [ '1.0.0-beta.2' ],
128 silly audit   'get-caller-file': [ '2.0.5' ],
128 silly audit   'get-intrinsic': [ '1.2.2' ],
128 silly audit   'get-own-enumerable-property-symbols': [ '3.0.2' ],
128 silly audit   'get-package-type': [ '0.1.0' ],
128 silly audit   'get-stream': [ '6.0.1' ],
128 silly audit   'get-symbol-description': [ '1.0.0' ],
128 silly audit   glob: [ '7.2.3', '7.1.6' ],
128 silly audit   'glob-to-regexp': [ '0.4.1' ],
128 silly audit   'global-modules': [ '2.0.0' ],
128 silly audit   'global-prefix': [ '3.0.0' ],
128 silly audit   which: [ '1.3.1', '2.0.2' ],
128 silly audit   globalthis: [ '1.0.3' ],
128 silly audit   globby: [ '11.1.0' ],
128 silly audit   gopd: [ '1.0.1' ],
128 silly audit   'graceful-fs': [ '4.2.11' ],
128 silly audit   graphemer: [ '1.4.0' ],
128 silly audit   'gzip-size': [ '6.0.0' ],
128 silly audit   'handle-thing': [ '2.0.1' ],
128 silly audit   'harmony-reflect': [ '1.6.2' ],
128 silly audit   'has-bigints': [ '1.0.2' ],
128 silly audit   'has-property-descriptors': [ '1.0.1' ],
128 silly audit   'has-proto': [ '1.0.1' ],
128 silly audit   'has-symbols': [ '1.0.3' ],
128 silly audit   'has-tostringtag': [ '1.0.0' ],
128 silly audit   hasown: [ '2.0.0' ],
128 silly audit   he: [ '1.2.0' ],
128 silly audit   hoopy: [ '0.1.4' ],
128 silly audit   'hover-carousel': [ '1.1.0' ],
128 silly audit   'hpack.js': [ '2.1.6' ],
128 silly audit   isarray: [ '1.0.0', '2.0.5' ],
128 silly audit   'readable-stream': [ '2.3.8', '3.6.2' ],
128 silly audit   string_decoder: [ '1.1.1', '1.3.0' ],
128 silly audit   'html-encoding-sniffer': [ '2.0.1' ],
128 silly audit   'html-entities': [ '2.4.0' ],
128 silly audit   'html-escaper': [ '2.0.2' ],
128 silly audit   'html-minifier-terser': [ '6.1.0' ],
128 silly audit   'html-webpack-plugin': [ '5.5.3' ],
128 silly audit   htmlparser2: [ '6.1.0' ],
128 silly audit   'http-deceiver': [ '1.2.7' ],
128 silly audit   'http-errors': [ '2.0.0', '1.6.3' ],
128 silly audit   'http-parser-js': [ '0.5.8' ],
128 silly audit   'http-proxy': [ '1.18.1' ],
128 silly audit   'http-proxy-agent': [ '4.0.1' ],
128 silly audit   'http-proxy-middleware': [ '2.0.6' ],
128 silly audit   'https-proxy-agent': [ '5.0.1' ],
128 silly audit   'human-signals': [ '2.1.0' ],
128 silly audit   'iconv-lite': [ '0.4.24', '0.6.3' ],
128 silly audit   'icss-utils': [ '5.1.0' ],
128 silly audit   idb: [ '7.1.1' ],
128 silly audit   'identity-obj-proxy': [ '3.0.0' ],
128 silly audit   ignore: [ '5.3.0' ],
128 silly audit   immer: [ '9.0.21' ],
128 silly audit   'import-fresh': [ '3.3.0' ],
128 silly audit   'import-local': [ '3.1.0' ],
128 silly audit   imurmurhash: [ '0.1.4' ],
128 silly audit   'indent-string': [ '4.0.0' ],
128 silly audit   inflight: [ '1.0.6' ],
128 silly audit   inherits: [ '2.0.4', '2.0.3' ],
128 silly audit   ini: [ '1.3.8' ],
128 silly audit   'internal-slot': [ '1.0.6' ],
128 silly audit   'ipaddr.js': [ '1.9.1', '2.1.0' ],
128 silly audit   'is-arguments': [ '1.1.1' ],
128 silly audit   'is-array-buffer': [ '3.0.2' ],
128 silly audit   'is-arrayish': [ '0.2.1' ],
128 silly audit   'is-async-function': [ '2.0.0' ],
128 silly audit   'is-bigint': [ '1.0.4' ],
128 silly audit   'is-binary-path': [ '2.1.0' ],
128 silly audit   'is-boolean-object': [ '1.1.2' ],
128 silly audit   'is-callable': [ '1.2.7' ],
128 silly audit   'is-core-module': [ '2.13.1' ],
128 silly audit   'is-date-object': [ '1.0.5' ],
128 silly audit   'is-docker': [ '2.2.1' ],
128 silly audit   'is-extglob': [ '2.1.1' ],
128 silly audit   'is-finalizationregistry': [ '1.0.2' ],
128 silly audit   'is-fullwidth-code-point': [ '3.0.0' ],
128 silly audit   'is-generator-fn': [ '2.1.0' ],
128 silly audit   'is-generator-function': [ '1.0.10' ],
128 silly audit   'is-glob': [ '4.0.3' ],
128 silly audit   'is-map': [ '2.0.2' ],
128 silly audit   'is-module': [ '1.0.0' ],
128 silly audit   'is-negative-zero': [ '2.0.2' ],
128 silly audit   'is-number': [ '7.0.0' ],
128 silly audit   'is-number-object': [ '1.0.7' ],
128 silly audit   'is-obj': [ '1.0.1' ],
128 silly audit   'is-path-inside': [ '3.0.3' ],
128 silly audit   'is-plain-obj': [ '3.0.0' ],
128 silly audit   'is-potential-custom-element-name': [ '1.0.1' ],
128 silly audit   'is-regex': [ '1.1.4' ],
128 silly audit   'is-regexp': [ '1.0.0' ],
128 silly audit   'is-root': [ '2.1.0' ],
128 silly audit   'is-set': [ '2.0.2' ],
128 silly audit   'is-shared-array-buffer': [ '1.0.2' ],
128 silly audit   'is-stream': [ '2.0.1' ],
128 silly audit   'is-string': [ '1.0.7' ],
128 silly audit   'is-symbol': [ '1.0.4' ],
128 silly audit   'is-typed-array': [ '1.1.12' ],
128 silly audit   'is-typedarray': [ '1.0.0' ],
128 silly audit   'is-weakmap': [ '2.0.1' ],
128 silly audit   'is-weakref': [ '1.0.2' ],
128 silly audit   'is-weakset': [ '2.0.2' ],
128 silly audit   'is-wsl': [ '2.2.0' ],
128 silly audit   isexe: [ '2.0.0' ],
128 silly audit   'istanbul-lib-coverage': [ '3.2.2' ],
128 silly audit   'istanbul-lib-instrument': [ '5.2.1' ],
128 silly audit   'istanbul-lib-report': [ '3.0.1' ],
128 silly audit   'make-dir': [ '4.0.0', '3.1.0' ],
128 silly audit   'istanbul-lib-source-maps': [ '4.0.1' ],
128 silly audit   'istanbul-reports': [ '3.1.6' ],
128 silly audit   'iterator.prototype': [ '1.1.2' ],
128 silly audit   jake: [ '10.8.7' ],
128 silly audit   jest: [ '27.5.1' ],
128 silly audit   'jest-changed-files': [ '27.5.1' ],
128 silly audit   'jest-circus': [ '27.5.1' ],
128 silly audit   'jest-cli': [ '27.5.1' ],
128 silly audit   'wrap-ansi': [ '7.0.0', '6.2.0' ],
128 silly audit   y18n: [ '5.0.8', '4.0.3' ],
128 silly audit   yargs: [ '16.2.0', '15.4.1' ],
128 silly audit   'yargs-parser': [ '20.2.9', '18.1.3' ],
128 silly audit   'jest-config': [ '27.5.1' ],
128 silly audit   'jest-docblock': [ '27.5.1' ],
128 silly audit   'jest-each': [ '27.5.1' ],
128 silly audit   'jest-environment-jsdom': [ '27.5.1' ],
128 silly audit   'jest-environment-node': [ '27.5.1' ],
128 silly audit   'jest-haste-map': [ '27.5.1' ],
128 silly audit   'jest-jasmine2': [ '27.5.1' ],
128 silly audit   'jest-leak-detector': [ '27.5.1' ],
128 silly audit   'jest-mock': [ '27.5.1' ],
128 silly audit   'jest-pnp-resolver': [ '1.2.3' ],
128 silly audit   'jest-regex-util': [ '27.5.1', '28.0.2' ],
128 silly audit   'jest-resolve': [ '27.5.1' ],
128 silly audit   'jest-resolve-dependencies': [ '27.5.1' ],
128 silly audit   'jest-runner': [ '27.5.1' ],
128 silly audit   'jest-runtime': [ '27.5.1' ],
128 silly audit   'jest-serializer': [ '27.5.1' ],
128 silly audit   'jest-snapshot': [ '27.5.1' ],
128 silly audit   'jest-validate': [ '27.5.1' ],
128 silly audit   'jest-watch-typeahead': [ '1.1.0' ],
128 silly audit   slash: [ '3.0.0', '4.0.0' ],
128 silly audit   'jest-watcher': [ '28.1.3', '27.5.1' ],
128 silly audit   'string-length': [ '4.0.2', '5.0.1' ],
128 silly audit   'strip-ansi': [ '6.0.1', '7.1.0' ],
128 silly audit   jiti: [ '1.21.0' ],
128 silly audit   jquery: [ '3.7.1' ],
128 silly audit   'js-tokens': [ '4.0.0' ],
128 silly audit   jsdom: [ '16.7.0' ],
128 silly audit   jsesc: [ '2.5.2', '0.5.0' ],
128 silly audit   'json-buffer': [ '3.0.1' ],
128 silly audit   'json-parse-even-better-errors': [ '2.3.1' ],
128 silly audit   'json-schema': [ '0.4.0' ],
128 silly audit   'json-stable-stringify-without-jsonify': [ '1.0.1' ],
128 silly audit   json2mq: [ '0.2.0' ],
128 silly audit   json5: [ '2.2.3', '1.0.2' ],
128 silly audit   jsonfile: [ '6.1.0' ],
128 silly audit   jsonpath: [ '1.1.1' ],
128 silly audit   jsonpointer: [ '5.0.1' ],
128 silly audit   jsonwebtoken: [ '9.0.2' ],
128 silly audit   'jsx-ast-utils': [ '3.3.5' ],
128 silly audit   jwa: [ '1.4.1' ],
128 silly audit   jws: [ '3.2.2' ],
128 silly audit   'jwt-decode': [ '4.0.0' ],
128 silly audit   keyv: [ '4.5.4' ],
128 silly audit   'kind-of': [ '6.0.3' ],
128 silly audit   kleur: [ '3.0.3' ],
128 silly audit   klona: [ '2.0.6' ],
128 silly audit   'language-subtag-registry': [ '0.3.22' ],
128 silly audit   'language-tags': [ '1.0.9' ],
128 silly audit   'launch-editor': [ '2.6.1' ],
128 silly audit   leven: [ '3.1.0' ],
128 silly audit   levn: [ '0.4.1', '0.3.0' ],
128 silly audit   lilconfig: [ '2.1.0', '3.0.0' ],
128 silly audit   'lines-and-columns': [ '1.2.4' ],
128 silly audit   'load-script': [ '1.0.0' ],
128 silly audit   'loader-runner': [ '4.3.0' ],
128 silly audit   'loader-utils': [ '2.0.4', '3.2.1' ],
128 silly audit   lodash: [ '4.17.21' ],
128 silly audit   'lodash.debounce': [ '4.0.8' ],
128 silly audit   'lodash.includes': [ '4.3.0' ],
128 silly audit   'lodash.isboolean': [ '3.0.3' ],
128 silly audit   'lodash.isinteger': [ '4.0.4' ],
128 silly audit   'lodash.isnumber': [ '3.0.3' ],
128 silly audit   'lodash.isplainobject': [ '4.0.6' ],
128 silly audit   'lodash.isstring': [ '4.0.1' ],
128 silly audit   'lodash.memoize': [ '4.1.2' ],
128 silly audit   'lodash.merge': [ '4.6.2' ],
128 silly audit   'lodash.once': [ '4.1.1' ],
128 silly audit   'lodash.sortby': [ '4.7.0' ],
128 silly audit   'lodash.uniq': [ '4.5.0' ],
128 silly audit   'loose-envify': [ '1.4.0' ],
128 silly audit   'lower-case': [ '2.0.2' ],
128 silly audit   'lz-string': [ '1.5.0' ],
128 silly audit   'magic-string': [ '0.25.9' ],
128 silly audit   makeerror: [ '1.0.12' ],
128 silly audit   'media-typer': [ '0.3.0' ],
128 silly audit   memfs: [ '3.5.3' ],
128 silly audit   'memoize-one': [ '5.2.1' ],
128 silly audit   'merge-descriptors': [ '1.0.1' ],
128 silly audit   'merge-stream': [ '2.0.0' ],
128 silly audit   merge2: [ '1.4.1' ],
128 silly audit   methods: [ '1.1.2' ],
128 silly audit   micromatch: [ '4.0.5' ],
128 silly audit   mime: [ '1.6.0' ],
128 silly audit   'mime-db': [ '1.52.0' ],
128 silly audit   'mime-types': [ '2.1.35' ],
128 silly audit   'mimic-fn': [ '2.1.0' ],
128 silly audit   'min-indent': [ '1.0.1' ],
128 silly audit   'mini-css-extract-plugin': [ '2.7.6' ],
128 silly audit   'minimalistic-assert': [ '1.0.1' ],
128 silly audit   minimist: [ '1.2.8' ],
128 silly audit   mkdirp: [ '0.5.6' ],
128 silly audit   'multicast-dns': [ '7.2.5' ],
128 silly audit   mz: [ '2.7.0' ],
128 silly audit   nanoid: [ '3.3.7' ],
128 silly audit   'natural-compare': [ '1.4.0' ],
128 silly audit   'natural-compare-lite': [ '1.4.0' ],
128 silly audit   negotiator: [ '0.6.3' ],
128 silly audit   'neo-async': [ '2.6.2' ],
128 silly audit   'no-case': [ '3.0.4' ],
128 silly audit   'node-forge': [ '1.3.1' ],
128 silly audit   'node-int64': [ '0.4.0' ],
128 silly audit   'node-releases': [ '2.0.14' ],
128 silly audit   'normalize-path': [ '3.0.0' ],
128 silly audit   'normalize-range': [ '0.1.2' ],
128 silly audit   'normalize-url': [ '6.1.0' ],
128 silly audit   'npm-run-path': [ '4.0.1' ],
128 silly audit   'nth-check': [ '2.1.1', '1.0.2' ],
128 silly audit   nwsapi: [ '2.2.7' ],
128 silly audit   'object-assign': [ '4.1.1' ],
128 silly audit   'object-hash': [ '3.0.0' ],
128 silly audit   'object-inspect': [ '1.13.1' ],
128 silly audit   'object-is': [ '1.1.5' ],
128 silly audit   'object-keys': [ '1.1.1' ],
128 silly audit   'object.assign': [ '4.1.5' ],
128 silly audit   'object.entries': [ '1.1.7' ],
128 silly audit   'object.fromentries': [ '2.0.7' ],
128 silly audit   'object.getownpropertydescriptors': [ '2.1.7' ],
128 silly audit   'object.groupby': [ '1.0.1' ],
128 silly audit   'object.hasown': [ '1.1.3' ],
128 silly audit   'object.values': [ '1.1.7' ],
128 silly audit   obuf: [ '1.1.2' ],
128 silly audit   'on-finished': [ '2.4.1' ],
128 silly audit   'on-headers': [ '1.0.2' ],
128 silly audit   once: [ '1.4.0' ],
128 silly audit   onetime: [ '5.1.2' ],
128 silly audit   open: [ '8.4.2' ],
128 silly audit   optionator: [ '0.9.3', '0.8.3' ],
128 silly audit   'p-retry': [ '4.6.2' ],
128 silly audit   'p-try': [ '2.2.0' ],
128 silly audit   'param-case': [ '3.0.4' ],
128 silly audit   'parent-module': [ '1.0.1' ],
128 silly audit   'parse-json': [ '5.2.0' ],
128 silly audit   parse5: [ '6.0.1' ],
128 silly audit   parseurl: [ '1.3.3' ],
128 silly audit   'pascal-case': [ '3.1.2' ],
128 silly audit   'path-exists': [ '4.0.0', '3.0.0' ],
128 silly audit   'path-is-absolute': [ '1.0.1' ],
128 silly audit   'path-key': [ '3.1.1' ],
128 silly audit   'path-parse': [ '1.0.7' ],
128 silly audit   'path-to-regexp': [ '0.1.7' ],
128 silly audit   'path-type': [ '4.0.0' ],
128 silly audit   'performance-now': [ '2.1.0' ],
128 silly audit   picocolors: [ '1.0.0', '0.2.1' ],
128 silly audit   picomatch: [ '2.3.1' ],
128 silly audit   pify: [ '2.3.0' ],
128 silly audit   pirates: [ '4.0.6' ],
128 silly audit   'pkg-dir': [ '4.2.0' ],
128 silly audit   'pkg-up': [ '3.1.0' ],
128 silly audit   pngjs: [ '5.0.0' ],
128 silly audit   postcss: [ '8.4.32', '7.0.39' ],
128 silly audit   'postcss-attribute-case-insensitive': [ '5.0.2' ],
128 silly audit   'postcss-browser-comments': [ '4.0.0' ],
128 silly audit   'postcss-calc': [ '8.2.4' ],
128 silly audit   'postcss-clamp': [ '4.1.0' ],
128 silly audit   'postcss-color-functional-notation': [ '4.2.4' ],
128 silly audit   'postcss-color-hex-alpha': [ '8.0.4' ],
128 silly audit   'postcss-color-rebeccapurple': [ '7.1.1' ],
128 silly audit   'postcss-colormin': [ '5.3.1' ],
128 silly audit   'postcss-convert-values': [ '5.1.3' ],
128 silly audit   'postcss-custom-media': [ '8.0.2' ],
128 silly audit   'postcss-custom-properties': [ '12.1.11' ],
128 silly audit   'postcss-custom-selectors': [ '6.0.3' ],
128 silly audit   'postcss-dir-pseudo-class': [ '6.0.5' ],
128 silly audit   'postcss-discard-comments': [ '5.1.2' ],
128 silly audit   'postcss-discard-duplicates': [ '5.1.0' ],
128 silly audit   'postcss-discard-empty': [ '5.1.1' ],
128 silly audit   'postcss-discard-overridden': [ '5.1.0' ],
128 silly audit   'postcss-double-position-gradients': [ '3.1.2' ],
128 silly audit   'postcss-env-function': [ '4.0.6' ],
128 silly audit   'postcss-flexbugs-fixes': [ '5.0.2' ],
128 silly audit   'postcss-focus-visible': [ '6.0.4' ],
128 silly audit   'postcss-focus-within': [ '5.0.4' ],
128 silly audit   'postcss-font-variant': [ '5.0.0' ],
128 silly audit   'postcss-gap-properties': [ '3.0.5' ],
128 silly audit   'postcss-image-set-function': [ '4.0.7' ],
128 silly audit   'postcss-import': [ '15.1.0' ],
128 silly audit   'postcss-initial': [ '4.0.1' ],
128 silly audit   'postcss-js': [ '4.0.1' ],
128 silly audit   'postcss-lab-function': [ '4.2.1' ],
128 silly audit   'postcss-load-config': [ '4.0.2' ],
128 silly audit   yaml: [ '2.3.4', '1.10.2' ],
128 silly audit   'postcss-loader': [ '6.2.1' ],
128 silly audit   'postcss-logical': [ '5.0.4' ],
128 silly audit   'postcss-media-minmax': [ '5.0.0' ],
128 silly audit   'postcss-merge-longhand': [ '5.1.7' ],
128 silly audit   'postcss-merge-rules': [ '5.1.4' ],
128 silly audit   'postcss-minify-font-values': [ '5.1.0' ],
128 silly audit   'postcss-minify-gradients': [ '5.1.1' ],
128 silly audit   'postcss-minify-params': [ '5.1.4' ],
128 silly audit   'postcss-minify-selectors': [ '5.2.1' ],
128 silly audit   'postcss-modules-extract-imports': [ '3.0.0' ],
128 silly audit   'postcss-modules-local-by-default': [ '4.0.3' ],
128 silly audit   'postcss-modules-scope': [ '3.0.0' ],
128 silly audit   'postcss-modules-values': [ '4.0.0' ],
128 silly audit   'postcss-nested': [ '6.0.1' ],
128 silly audit   'postcss-nesting': [ '10.2.0' ],
128 silly audit   'postcss-normalize': [ '10.0.1' ],
128 silly audit   'postcss-normalize-charset': [ '5.1.0' ],
128 silly audit   'postcss-normalize-display-values': [ '5.1.0' ],
128 silly audit   'postcss-normalize-positions': [ '5.1.1' ],
128 silly audit   'postcss-normalize-repeat-style': [ '5.1.1' ],
128 silly audit   'postcss-normalize-string': [ '5.1.0' ],
128 silly audit   'postcss-normalize-timing-functions': [ '5.1.0' ],
128 silly audit   'postcss-normalize-unicode': [ '5.1.1' ],
128 silly audit   'postcss-normalize-url': [ '5.1.0' ],
128 silly audit   'postcss-normalize-whitespace': [ '5.1.1' ],
128 silly audit   'postcss-opacity-percentage': [ '1.1.3' ],
128 silly audit   'postcss-ordered-values': [ '5.1.3' ],
128 silly audit   'postcss-overflow-shorthand': [ '3.0.4' ],
128 silly audit   'postcss-page-break': [ '3.0.4' ],
128 silly audit   'postcss-place': [ '7.0.5' ],
128 silly audit   'postcss-preset-env': [ '7.8.3' ],
128 silly audit   'postcss-pseudo-class-any-link': [ '7.1.6' ],
128 silly audit   'postcss-reduce-initial': [ '5.1.2' ],
128 silly audit   'postcss-reduce-transforms': [ '5.1.0' ],
128 silly audit   'postcss-replace-overflow-wrap': [ '4.0.0' ],
128 silly audit   'postcss-selector-not': [ '6.0.1' ],
128 silly audit   'postcss-selector-parser': [ '6.0.13' ],
128 silly audit   'postcss-svgo': [ '5.1.0' ],
128 silly audit   svgo: [ '2.8.0', '1.3.2' ],
128 silly audit   'postcss-unique-selectors': [ '5.1.1' ],
128 silly audit   'postcss-value-parser': [ '4.2.0' ],
128 silly audit   'prelude-ls': [ '1.2.1', '1.1.2' ],
128 silly audit   'pretty-bytes': [ '5.6.0' ],
128 silly audit   'pretty-error': [ '4.0.0' ],
128 silly audit   'process-nextick-args': [ '2.0.1' ],
128 silly audit   promise: [ '8.3.0' ],
128 silly audit   prompts: [ '2.4.2' ],
128 silly audit   'prop-types': [ '15.8.1' ],
128 silly audit   'proxy-addr': [ '2.0.7' ],
128 silly audit   'proxy-from-env': [ '1.1.0' ],
128 silly audit   psl: [ '1.9.0' ],
128 silly audit   punycode: [ '2.3.1' ],
128 silly audit   q: [ '1.5.1' ],
128 silly audit   qrcode: [ '1.5.3' ],
128 silly audit   qs: [ '6.11.0' ],
128 silly audit   querystringify: [ '2.2.0' ],
128 silly audit   'queue-microtask': [ '1.2.3' ],
128 silly audit   raf: [ '3.4.1' ],
128 silly audit   randombytes: [ '2.1.0' ],
128 silly audit   'range-parser': [ '1.2.1' ],
128 silly audit   'raw-body': [ '2.5.1' ],
128 silly audit   react: [ '18.2.0' ],
128 silly audit   'react-app-polyfill': [ '3.0.0' ],
128 silly audit   'regenerator-runtime': [ '0.13.11', '0.14.0' ],
128 silly audit   'react-audio-player': [ '0.17.0' ],
128 silly audit   'react-dev-utils': [ '12.0.1' ],
128 silly audit   'react-dom': [ '18.2.0' ],
128 silly audit   'react-error-overlay': [ '6.0.11' ],
128 silly audit   'react-fast-compare': [ '3.2.2' ],
128 silly audit   'react-icons': [ '4.12.0' ],
128 silly audit   'react-lifecycles-compat': [ '3.0.4' ],
128 silly audit   'react-modal': [ '3.16.1' ],
128 silly audit   'react-player': [ '2.13.0' ],
128 silly audit   'react-refresh': [ '0.11.0' ],
128 silly audit   'react-router': [ '6.20.1' ],
128 silly audit   'react-router-dom': [ '6.20.1' ],
128 silly audit   'react-scripts': [ '5.0.1' ],
128 silly audit   'react-slick': [ '0.29.0' ],
128 silly audit   'read-cache': [ '1.0.0' ],
128 silly audit   readdirp: [ '3.6.0' ],
128 silly audit   'recursive-readdir': [ '2.2.3' ],
128 silly audit   redent: [ '3.0.0' ],
128 silly audit   'reflect.getprototypeof': [ '1.0.4' ],
128 silly audit   regenerate: [ '1.4.2' ],
128 silly audit   'regenerate-unicode-properties': [ '10.1.1' ],
128 silly audit   'regenerator-transform': [ '0.15.2' ],
128 silly audit   'regex-parser': [ '2.2.11' ],
128 silly audit   'regexp.prototype.flags': [ '1.5.1' ],
128 silly audit   'regexpu-core': [ '5.3.2' ],
128 silly audit   regjsparser: [ '0.9.1' ],
128 silly audit   relateurl: [ '0.2.7' ],
128 silly audit   renderkid: [ '3.0.0' ],
128 silly audit   'require-directory': [ '2.1.1' ],
128 silly audit   'require-from-string': [ '2.0.2' ],
128 silly audit   'require-main-filename': [ '2.0.0' ],
128 silly audit   'requires-port': [ '1.0.0' ],
128 silly audit   'resize-observer-polyfill': [ '1.5.1' ],
128 silly audit   'resolve-cwd': [ '3.0.0' ],
128 silly audit   'resolve-url-loader': [ '4.0.0' ],
128 silly audit   'resolve.exports': [ '1.1.1' ],
128 silly audit   retry: [ '0.13.1' ],
128 silly audit   reusify: [ '1.0.4' ],
128 silly audit   rimraf: [ '3.0.2' ],
128 silly audit   rollup: [ '2.79.1' ],
128 silly audit   'rollup-plugin-terser': [ '7.0.2' ],
128 silly audit   'serialize-javascript': [ '4.0.0', '6.0.1' ],
128 silly audit   'run-parallel': [ '1.2.0' ],
128 silly audit   'safe-array-concat': [ '1.0.1' ],
128 silly audit   'safe-regex-test': [ '1.0.0' ],
128 silly audit   'safer-buffer': [ '2.1.2' ],
128 silly audit   'sanitize.css': [ '13.0.0' ],
128 silly audit   'sass-loader': [ '12.6.0' ],
128 silly audit   sax: [ '1.2.4' ],
128 silly audit   saxes: [ '5.0.1' ],
128 silly audit   scheduler: [ '0.23.0' ],
128 silly audit   'select-hose': [ '2.0.0' ],
128 silly audit   selfsigned: [ '2.4.1' ],
128 silly audit   send: [ '0.18.0' ],
128 silly audit   'serve-index': [ '1.9.1' ],
128 silly audit   setprototypeof: [ '1.1.0', '1.2.0' ],
128 silly audit   statuses: [ '1.5.0', '2.0.1' ],
128 silly audit   'serve-static': [ '1.15.0' ],
128 silly audit   'set-blocking': [ '2.0.0' ],
128 silly audit   'set-function-length': [ '1.1.1' ],
128 silly audit   'set-function-name': [ '2.0.1' ],
128 silly audit   'shebang-command': [ '2.0.0' ],
128 silly audit   'shebang-regex': [ '3.0.0' ],
128 silly audit   'shell-quote': [ '1.8.1' ],
128 silly audit   'side-channel': [ '1.0.4' ],
128 silly audit   'signal-exit': [ '3.0.7' ],
128 silly audit   sisteransi: [ '1.0.5' ],
128 silly audit   'slick-carousel': [ '1.8.1' ],
128 silly audit   sockjs: [ '0.3.24' ],
128 silly audit   'source-list-map': [ '2.0.1' ],
128 silly audit   'source-map-js': [ '1.0.2' ],
128 silly audit   'source-map-loader': [ '3.0.2' ],
128 silly audit   'source-map-support': [ '0.5.21' ],
128 silly audit   'sourcemap-codec': [ '1.4.8' ],
128 silly audit   spdy: [ '4.0.2' ],
128 silly audit   'spdy-transport': [ '3.0.0' ],
128 silly audit   'sprintf-js': [ '1.0.3' ],
128 silly audit   stable: [ '0.1.8' ],
128 silly audit   'stack-utils': [ '2.0.6' ],
128 silly audit   stackframe: [ '1.3.4' ],
128 silly audit   'static-eval': [ '2.0.2' ],
128 silly audit   'type-check': [ '0.3.2', '0.4.0' ],
128 silly audit   'stop-iteration-iterator': [ '1.0.0' ],
128 silly audit   'string-convert': [ '0.2.1' ],
128 silly audit   'string-natural-compare': [ '3.0.1' ],
128 silly audit   'string-width': [ '4.2.3' ],
128 silly audit   'string.prototype.matchall': [ '4.0.10' ],
128 silly audit   'string.prototype.trim': [ '1.2.8' ],
128 silly audit   'string.prototype.trimend': [ '1.0.7' ],
128 silly audit   'string.prototype.trimstart': [ '1.0.7' ],
128 silly audit   'stringify-object': [ '3.3.0' ],
128 silly audit   'strip-bom': [ '4.0.0', '3.0.0' ],
128 silly audit   'strip-comments': [ '2.0.1' ],
128 silly audit   'strip-final-newline': [ '2.0.0' ],
128 silly audit   'strip-indent': [ '3.0.0' ],
128 silly audit   'strip-json-comments': [ '3.1.1' ],
128 silly audit   'style-loader': [ '3.3.3' ],
128 silly audit   stylehacks: [ '5.1.1' ],
128 silly audit   sucrase: [ '3.34.0' ],
128 silly audit   'supports-hyperlinks': [ '2.3.0' ],
128 silly audit   'supports-preserve-symlinks-flag': [ '1.0.0' ],
128 silly audit   'svg-parser': [ '2.0.4' ],
128 silly audit   sweetalert2: [ '11.10.1' ],
128 silly audit   'symbol-tree': [ '3.2.4' ],
128 silly audit   tailwindcss: [ '3.3.5' ],
128 silly audit   'temp-dir': [ '2.0.0' ],
128 silly audit   tempy: [ '0.6.0' ],
128 silly audit   'terminal-link': [ '2.1.1' ],
128 silly audit   terser: [ '5.24.0' ],
128 silly audit   'terser-webpack-plugin': [ '5.3.9' ],
128 silly audit   'test-exclude': [ '6.0.0' ],
128 silly audit   'text-table': [ '0.2.0' ],
128 silly audit   thenify: [ '3.3.1' ],
128 silly audit   'thenify-all': [ '1.6.0' ],
128 silly audit   throat: [ '6.0.2' ],
128 silly audit   thunky: [ '1.1.0' ],
128 silly audit   tmpl: [ '1.0.5' ],
128 silly audit   'to-fast-properties': [ '2.0.0' ],
128 silly audit   'to-regex-range': [ '5.0.1' ],
128 silly audit   toidentifier: [ '1.0.1' ],
128 silly audit   'tough-cookie': [ '4.1.3' ],
128 silly audit   universalify: [ '0.2.0', '2.0.1' ],
128 silly audit   tr46: [ '2.1.0', '1.0.1' ],
128 silly audit   tryer: [ '1.0.1' ],
128 silly audit   'ts-interface-checker': [ '0.1.13' ],
128 silly audit   'tsconfig-paths': [ '3.14.2' ],
128 silly audit   tslib: [ '2.6.2', '1.14.1' ],
128 silly audit   tsutils: [ '3.21.0' ],
128 silly audit   'type-detect': [ '4.0.8' ],
128 silly audit   'type-is': [ '1.6.18' ],
128 silly audit   'typed-array-buffer': [ '1.0.0' ],
128 silly audit   'typed-array-byte-length': [ '1.0.0' ],
128 silly audit   'typed-array-byte-offset': [ '1.0.0' ],
128 silly audit   'typed-array-length': [ '1.0.4' ],
128 silly audit   'typedarray-to-buffer': [ '3.1.5' ],
128 silly audit   'unbox-primitive': [ '1.0.2' ],
128 silly audit   underscore: [ '1.12.1' ],
128 silly audit   'undici-types': [ '5.26.5' ],
128 silly audit   'unicode-canonical-property-names-ecmascript': [ '2.0.0' ],
128 silly audit   'unicode-match-property-ecmascript': [ '2.0.0' ],
128 silly audit   'unicode-match-property-value-ecmascript': [ '2.1.0' ],
128 silly audit   'unicode-property-aliases-ecmascript': [ '2.1.0' ],
128 silly audit   'unique-string': [ '2.0.0' ],
128 silly audit   unpipe: [ '1.0.0' ],
128 silly audit   unquote: [ '1.1.1' ],
128 silly audit   upath: [ '1.2.0' ],
128 silly audit   'update-browserslist-db': [ '1.0.13' ],
128 silly audit   'uri-js': [ '4.4.1' ],
128 silly audit   'url-parse': [ '1.5.10' ],
128 silly audit   'util-deprecate': [ '1.0.2' ],
128 silly audit   'util.promisify': [ '1.0.1' ],
128 silly audit   utila: [ '0.4.0' ],
128 silly audit   'utils-merge': [ '1.0.1' ],
128 silly audit   uuid: [ '8.3.2' ],
128 silly audit   'v8-to-istanbul': [ '8.1.1' ],
128 silly audit   vary: [ '1.1.2' ],
128 silly audit   'w3c-hr-time': [ '1.0.2' ],
128 silly audit   'w3c-xmlserializer': [ '2.0.0' ],
128 silly audit   walker: [ '1.0.8' ],
128 silly audit   warning: [ '4.0.3' ],
128 silly audit   watchpack: [ '2.4.0' ],
128 silly audit   wbuf: [ '1.7.3' ],
128 silly audit   'web-vitals': [ '2.1.4' ],
128 silly audit   webpack: [ '5.89.0' ],
128 silly audit   'webpack-dev-middleware': [ '5.3.3' ],
128 silly audit   'webpack-dev-server': [ '4.15.1' ],
128 silly audit   ws: [ '8.14.2', '7.5.9' ],
128 silly audit   'webpack-manifest-plugin': [ '4.1.1' ],
128 silly audit   'webpack-sources': [ '2.3.1', '3.2.3', '1.4.3' ],
128 silly audit   'websocket-driver': [ '0.7.4' ],
128 silly audit   'websocket-extensions': [ '0.1.4' ],
128 silly audit   'whatwg-encoding': [ '1.0.5' ],
128 silly audit   'whatwg-fetch': [ '3.6.19' ],
128 silly audit   'whatwg-mimetype': [ '2.3.0' ],
128 silly audit   'whatwg-url': [ '8.7.0', '7.1.0' ],
128 silly audit   'which-boxed-primitive': [ '1.0.2' ],
128 silly audit   'which-builtin-type': [ '1.1.3' ],
128 silly audit   'which-collection': [ '1.0.1' ],
128 silly audit   'which-module': [ '2.0.1' ],
128 silly audit   'which-typed-array': [ '1.1.13' ],
128 silly audit   'word-wrap': [ '1.2.5' ],
128 silly audit   'workbox-background-sync': [ '6.6.0' ],
128 silly audit   'workbox-broadcast-update': [ '6.6.0' ],
128 silly audit   'workbox-build': [ '6.6.0' ],
128 silly audit   '@apideck/better-ajv-errors': [ '0.3.6' ],
128 silly audit   'workbox-cacheable-response': [ '6.6.0' ],
128 silly audit   'workbox-core': [ '6.6.0' ],
128 silly audit   'workbox-expiration': [ '6.6.0' ],
128 silly audit   'workbox-google-analytics': [ '6.6.0' ],
128 silly audit   'workbox-navigation-preload': [ '6.6.0' ],
128 silly audit   'workbox-precaching': [ '6.6.0' ],
128 silly audit   'workbox-range-requests': [ '6.6.0' ],
128 silly audit   'workbox-recipes': [ '6.6.0' ],
128 silly audit   'workbox-routing': [ '6.6.0' ],
128 silly audit   'workbox-strategies': [ '6.6.0' ],
128 silly audit   'workbox-streams': [ '6.6.0' ],
128 silly audit   'workbox-sw': [ '6.6.0' ],
128 silly audit   'workbox-webpack-plugin': [ '6.6.0' ],
128 silly audit   'workbox-window': [ '6.6.0' ],
128 silly audit   wrappy: [ '1.0.2' ],
128 silly audit   'write-file-atomic': [ '3.0.3' ],
128 silly audit   'xml-name-validator': [ '3.0.0' ],
128 silly audit   xmlchars: [ '2.2.0' ],
128 silly audit   'yocto-queue': [ '0.1.0' ],
128 silly audit   'webpack-cli': [ '5.1.4' ],
128 silly audit   typescript: [ '4.9.5' ],
128 silly audit   '@discoveryjs/json-ext': [ '0.5.7' ],
128 silly audit   '@webpack-cli/configtest': [ '2.1.1' ],
128 silly audit   '@webpack-cli/info': [ '2.0.2' ],
128 silly audit   '@webpack-cli/serve': [ '2.0.5' ],
128 silly audit   envinfo: [ '7.11.0' ],
128 silly audit   'fastest-levenshtein': [ '1.0.16' ],
128 silly audit   interpret: [ '3.1.1' ],
128 silly audit   rechoir: [ '0.8.0' ],
128 silly audit   'webpack-merge': [ '5.10.0' ],
128 silly audit   'clone-deep': [ '4.0.1' ],
128 silly audit   flat: [ '5.0.2' ],
128 silly audit   wildcard: [ '2.0.1' ],
128 silly audit   'is-plain-object': [ '2.0.4' ],
128 silly audit   'shallow-clone': [ '3.0.1' ],
128 silly audit   isobject: [ '3.0.1' ]
128 silly audit }
129 silly tarball no local data for isobject@https://registry.npmjs.org/isobject/-/isobject-3.0.1.tgz. Extracting by manifest.
130 silly tarball no local data for shallow-clone@https://registry.npmjs.org/shallow-clone/-/shallow-clone-3.0.1.tgz. Extracting by manifest.
131 silly tarball no local data for is-plain-object@https://registry.npmjs.org/is-plain-object/-/is-plain-object-2.0.4.tgz. Extracting by manifest.
132 silly tarball no local data for wildcard@https://registry.npmjs.org/wildcard/-/wildcard-2.0.1.tgz. Extracting by manifest.
133 silly tarball no local data for flat@https://registry.npmjs.org/flat/-/flat-5.0.2.tgz. Extracting by manifest.
134 silly tarball no local data for clone-deep@https://registry.npmjs.org/clone-deep/-/clone-deep-4.0.1.tgz. Extracting by manifest.
135 silly tarball no local data for webpack-merge@https://registry.npmjs.org/webpack-merge/-/webpack-merge-5.10.0.tgz. Extracting by manifest.
136 silly tarball no local data for rechoir@https://registry.npmjs.org/rechoir/-/rechoir-0.8.0.tgz. Extracting by manifest.
137 silly tarball no local data for interpret@https://registry.npmjs.org/interpret/-/interpret-3.1.1.tgz. Extracting by manifest.
138 silly tarball no local data for fastest-levenshtein@https://registry.npmjs.org/fastest-levenshtein/-/fastest-levenshtein-1.0.16.tgz. Extracting by manifest.
139 silly tarball no local data for envinfo@https://registry.npmjs.org/envinfo/-/envinfo-7.11.0.tgz. Extracting by manifest.
140 silly tarball no local data for @webpack-cli/serve@https://registry.npmjs.org/@webpack-cli/serve/-/serve-2.0.5.tgz. Extracting by manifest.
141 silly tarball no local data for @webpack-cli/info@https://registry.npmjs.org/@webpack-cli/info/-/info-2.0.2.tgz. Extracting by manifest.
142 silly tarball no local data for @webpack-cli/configtest@https://registry.npmjs.org/@webpack-cli/configtest/-/configtest-2.1.1.tgz. Extracting by manifest.
143 silly tarball no local data for @discoveryjs/json-ext@https://registry.npmjs.org/@discoveryjs/json-ext/-/json-ext-0.5.7.tgz. Extracting by manifest.
144 silly tarball no local data for typescript@https://registry.npmjs.org/typescript/-/typescript-4.9.5.tgz. Extracting by manifest.
145 silly tarball no local data for webpack-cli@https://registry.npmjs.org/webpack-cli/-/webpack-cli-5.1.4.tgz. Extracting by manifest.
146 silly tarball no local data for resolve@https://registry.npmjs.org/resolve/-/resolve-1.22.8.tgz. Extracting by manifest.
147 silly tarball no local data for commander@https://registry.npmjs.org/commander/-/commander-10.0.1.tgz. Extracting by manifest.
148 http fetch GET 200 https://registry.npmjs.org/is-plain-object/-/is-plain-object-2.0.4.tgz 133ms (cache miss)
149 timing reifyNode:node_modules/is-plain-object Completed in 151ms
150 http fetch POST 200 https://registry.npmjs.org/-/npm/v1/security/advisories/bulk 255ms
151 timing auditReport:getReport Completed in 270ms
152 silly audit report {
152 silly audit report   'nth-check': [
152 silly audit report     {
152 silly audit report       id: 1095141,
152 silly audit report       url: 'https://github.com/advisories/GHSA-rp65-9cf3-cjxr',
152 silly audit report       title: 'Inefficient Regular Expression Complexity in nth-check',
152 silly audit report       severity: 'high',
152 silly audit report       vulnerable_versions: '<2.0.1',
152 silly audit report       cwe: [Array],
152 silly audit report       cvss: [Object]
152 silly audit report     }
152 silly audit report   ],
152 silly audit report   postcss: [
152 silly audit report     {
152 silly audit report       id: 1094544,
152 silly audit report       url: 'https://github.com/advisories/GHSA-7fh5-64p2-3v2j',
152 silly audit report       title: 'PostCSS line return parsing error',
152 silly audit report       severity: 'moderate',
152 silly audit report       vulnerable_versions: '<8.4.31',
152 silly audit report       cwe: [Array],
152 silly audit report       cvss: [Object]
152 silly audit report     }
152 silly audit report   ],
152 silly audit report   sweetalert2: [
152 silly audit report     {
152 silly audit report       id: 1094698,
152 silly audit report       url: 'https://github.com/advisories/GHSA-mrr8-v49w-3333',
152 silly audit report       title: 'sweetalert2 v11.6.14 and above contains potentially undesirable behavior',
152 silly audit report       severity: 'low',
152 silly audit report       vulnerable_versions: '>=11.6.14',
152 silly audit report       cwe: [Array],
152 silly audit report       cvss: [Object]
152 silly audit report     }
152 silly audit report   ]
152 silly audit report }
153 timing metavuln:cache:get:security-advisory:nth-check:u9kIbs88jjqPq0zHVBinwei/KZ5GCRRfUp85vuDQlT/Si01qI5XVVQOSRujFCbyFsnHqETob3CApPmYQZ74K2A== Completed in 5ms
154 timing metavuln:cache:get:security-advisory:postcss:ylHlqxOD5gx7vcQurwTZyQHJsodRCM2yV95izcDPSahj+DDa6IEdlDh7BWAlf7fDDEd+NyVQHm50pHmcApHI4w== Completed in 3ms
155 timing metavuln:cache:get:security-advisory:sweetalert2:QzLOSqAAkGhJ25cQCy5uSxuulxdfwjQuyQzs+b+lKcK0CxnDHQTju771VUTOVc9Ky3yW6znm2XqYL/6uyAnxJw== Completed in 3ms
156 http fetch GET 200 https://registry.npmjs.org/interpret/-/interpret-3.1.1.tgz 236ms (cache miss)
157 timing reifyNode:node_modules/interpret Completed in 258ms
158 http fetch GET 200 https://registry.npmjs.org/shallow-clone/-/shallow-clone-3.0.1.tgz 243ms (cache miss)
159 timing reifyNode:node_modules/shallow-clone Completed in 262ms
160 http fetch GET 200 https://registry.npmjs.org/clone-deep/-/clone-deep-4.0.1.tgz 417ms (cache miss)
161 timing reifyNode:node_modules/clone-deep Completed in 438ms
162 http fetch GET 200 https://registry.npmjs.org/nth-check 222ms (cache miss)
163 timing metavuln:packument:nth-check Completed in 223ms
164 timing metavuln:load:security-advisory:nth-check:1095141 Completed in 1ms
165 timing metavuln:cache:put:security-advisory:nth-check:u9kIbs88jjqPq0zHVBinwei/KZ5GCRRfUp85vuDQlT/Si01qI5XVVQOSRujFCbyFsnHqETob3CApPmYQZ74K2A== Completed in 8ms
166 timing metavuln:calculate:security-advisory:nth-check:1095141 Completed in 233ms
167 http fetch GET 200 https://registry.npmjs.org/rechoir/-/rechoir-0.8.0.tgz 459ms (cache miss)
168 timing reifyNode:node_modules/rechoir Completed in 482ms
169 http fetch GET 200 https://registry.npmjs.org/webpack-merge/-/webpack-merge-5.10.0.tgz 549ms (cache miss)
170 timing reifyNode:node_modules/webpack-merge Completed in 570ms
171 http fetch GET 200 https://registry.npmjs.org/fastest-levenshtein/-/fastest-levenshtein-1.0.16.tgz 560ms (cache miss)
172 timing reifyNode:node_modules/fastest-levenshtein Completed in 582ms
173 http fetch GET 200 https://registry.npmjs.org/wildcard/-/wildcard-2.0.1.tgz 683ms (cache miss)
174 timing reifyNode:node_modules/wildcard Completed in 703ms
175 http fetch GET 200 https://registry.npmjs.org/flat/-/flat-5.0.2.tgz 716ms (cache miss)
176 timing reifyNode:node_modules/flat Completed in 737ms
177 http fetch GET 200 https://registry.npmjs.org/commander/-/commander-10.0.1.tgz 758ms (cache miss)
178 timing reifyNode:node_modules/webpack-cli/node_modules/commander Completed in 789ms
179 http fetch GET 200 https://registry.npmjs.org/isobject/-/isobject-3.0.1.tgz 984ms (cache miss)
180 timing reifyNode:node_modules/isobject Completed in 1002ms
181 http fetch GET 200 https://registry.npmjs.org/@webpack-cli/serve/-/serve-2.0.5.tgz 1423ms (cache miss)
182 timing reifyNode:node_modules/@webpack-cli/serve Completed in 1447ms
183 http fetch GET 200 https://registry.npmjs.org/postcss 1323ms (cache miss)
184 timing metavuln:packument:postcss Completed in 1326ms
185 timing metavuln:load:security-advisory:postcss:1094544 Completed in 5ms
186 timing metavuln:cache:put:security-advisory:postcss:ylHlqxOD5gx7vcQurwTZyQHJsodRCM2yV95izcDPSahj+DDa6IEdlDh7BWAlf7fDDEd+NyVQHm50pHmcApHI4w== Completed in 12ms
187 timing metavuln:calculate:security-advisory:postcss:1094544 Completed in 1343ms
188 http fetch GET 200 https://registry.npmjs.org/@webpack-cli/info/-/info-2.0.2.tgz 1808ms (cache miss)
189 timing reifyNode:node_modules/@webpack-cli/info Completed in 1833ms
190 http fetch GET 200 https://registry.npmjs.org/@webpack-cli/configtest/-/configtest-2.1.1.tgz 2303ms (cache miss)
191 timing reifyNode:node_modules/@webpack-cli/configtest Completed in 2329ms
192 http fetch GET 200 https://registry.npmjs.org/webpack-cli/-/webpack-cli-5.1.4.tgz 2325ms (cache miss)
193 timing reifyNode:node_modules/webpack-cli Completed in 2355ms
194 http fetch GET 200 https://registry.npmjs.org/resolve/-/resolve-1.22.8.tgz 2585ms (cache miss)
195 timing reifyNode:node_modules/rechoir/node_modules/resolve Completed in 2618ms
196 http fetch GET 200 https://registry.npmjs.org/envinfo/-/envinfo-7.11.0.tgz 2844ms (cache miss)
197 timing reifyNode:node_modules/envinfo Completed in 2867ms
198 http fetch GET 200 https://registry.npmjs.org/@discoveryjs/json-ext/-/json-ext-0.5.7.tgz 3024ms (cache miss)
199 timing reifyNode:node_modules/@discoveryjs/json-ext Completed in 3052ms
200 http fetch GET 200 https://registry.npmjs.org/sweetalert2 3951ms (cache miss)
201 timing metavuln:packument:sweetalert2 Completed in 3963ms
202 timing metavuln:load:security-advisory:sweetalert2:1094698 Completed in 10ms
203 timing metavuln:cache:put:security-advisory:sweetalert2:QzLOSqAAkGhJ25cQCy5uSxuulxdfwjQuyQzs+b+lKcK0CxnDHQTju771VUTOVc9Ky3yW6znm2XqYL/6uyAnxJw== Completed in 8ms
204 timing metavuln:calculate:security-advisory:sweetalert2:1094698 Completed in 3981ms
205 timing metavuln:cache:get:security-advisory:css-select:SLFoDCntvPIX7nfh4g/iCe2/KeoLVy5CIo+Vtscwot4QJeqx55N/LgyavNwRLdiV5D/6y18tMpVEodIgf/9HMA== Completed in 1ms
206 http fetch GET 200 https://registry.npmjs.org/css-select 147ms (cache miss)
207 timing metavuln:packument:css-select Completed in 148ms
208 timing metavuln:load:security-advisory:css-select:u9kIbs88jjqPq0zHVBinwei/KZ5GCRRfUp85vuDQlT/Si01qI5XVVQOSRujFCbyFsnHqETob3CApPmYQZ74K2A== Completed in 2ms
209 timing metavuln:cache:put:security-advisory:css-select:SLFoDCntvPIX7nfh4g/iCe2/KeoLVy5CIo+Vtscwot4QJeqx55N/LgyavNwRLdiV5D/6y18tMpVEodIgf/9HMA== Completed in 2ms
210 timing metavuln:calculate:security-advisory:css-select:u9kIbs88jjqPq0zHVBinwei/KZ5GCRRfUp85vuDQlT/Si01qI5XVVQOSRujFCbyFsnHqETob3CApPmYQZ74K2A== Completed in 152ms
211 timing metavuln:cache:get:security-advisory:resolve-url-loader:NMmXK6xVhonFWyuVjVZvtHCgDtIj2Xt/NObjzI+nKFgCMVK0SPWnlUyO5ZfDMa1dK6KZVYB4z5/E6SGUubEZmA== Completed in 1ms
212 http fetch GET 200 https://registry.npmjs.org/resolve-url-loader 98ms (cache miss)
213 timing metavuln:packument:resolve-url-loader Completed in 100ms
214 timing metavuln:load:security-advisory:resolve-url-loader:ylHlqxOD5gx7vcQurwTZyQHJsodRCM2yV95izcDPSahj+DDa6IEdlDh7BWAlf7fDDEd+NyVQHm50pHmcApHI4w== Completed in 8ms
215 timing metavuln:cache:put:security-advisory:resolve-url-loader:NMmXK6xVhonFWyuVjVZvtHCgDtIj2Xt/NObjzI+nKFgCMVK0SPWnlUyO5ZfDMa1dK6KZVYB4z5/E6SGUubEZmA== Completed in 5ms
216 timing metavuln:calculate:security-advisory:resolve-url-loader:ylHlqxOD5gx7vcQurwTZyQHJsodRCM2yV95izcDPSahj+DDa6IEdlDh7BWAlf7fDDEd+NyVQHm50pHmcApHI4w== Completed in 113ms
217 timing metavuln:cache:get:security-advisory:svgo:XUKKCUuEIfThVsBLy+oF8GyP7lxkVuLkW//+NY5/KIf8QcWHSFuyi5ASrjDctKGKZ6oI4iYXN2mfMc9AZn06XQ== Completed in 24ms
218 http fetch GET 200 https://registry.npmjs.org/svgo 366ms (cache miss)
219 timing metavuln:packument:svgo Completed in 368ms
220 timing metavuln:load:security-advisory:svgo:SLFoDCntvPIX7nfh4g/iCe2/KeoLVy5CIo+Vtscwot4QJeqx55N/LgyavNwRLdiV5D/6y18tMpVEodIgf/9HMA== Completed in 3ms
221 timing metavuln:cache:put:security-advisory:svgo:XUKKCUuEIfThVsBLy+oF8GyP7lxkVuLkW//+NY5/KIf8QcWHSFuyi5ASrjDctKGKZ6oI4iYXN2mfMc9AZn06XQ== Completed in 5ms
222 timing metavuln:calculate:security-advisory:svgo:SLFoDCntvPIX7nfh4g/iCe2/KeoLVy5CIo+Vtscwot4QJeqx55N/LgyavNwRLdiV5D/6y18tMpVEodIgf/9HMA== Completed in 377ms
223 timing metavuln:cache:get:security-advisory:react-scripts:kKU8uM+qTtInubgYQrn1Pxn81QMWKfkCDfIZjup8wyMg7BSnoJIdXRXTKPG7RjTojqBqBxvALJQnSFxA9BPZoA== Completed in 2ms
224 http fetch GET 200 https://registry.npmjs.org/react-scripts 584ms (cache miss)
225 timing metavuln:packument:react-scripts Completed in 590ms
226 timing metavuln:load:security-advisory:react-scripts:NMmXK6xVhonFWyuVjVZvtHCgDtIj2Xt/NObjzI+nKFgCMVK0SPWnlUyO5ZfDMa1dK6KZVYB4z5/E6SGUubEZmA== Completed in 3ms
227 timing metavuln:cache:put:security-advisory:react-scripts:kKU8uM+qTtInubgYQrn1Pxn81QMWKfkCDfIZjup8wyMg7BSnoJIdXRXTKPG7RjTojqBqBxvALJQnSFxA9BPZoA== Completed in 4ms
228 timing metavuln:calculate:security-advisory:react-scripts:NMmXK6xVhonFWyuVjVZvtHCgDtIj2Xt/NObjzI+nKFgCMVK0SPWnlUyO5ZfDMa1dK6KZVYB4z5/E6SGUubEZmA== Completed in 597ms
229 timing metavuln:cache:get:security-advisory:@svgr/plugin-svgo:EsuzSbf7+Y+7kKOmijkK+GD/doYYcoKZ2epSaSjuMjK3D5MenoOfnownHNwRmdBZcaR1NsuBUK35WDllW+AMMw== Completed in 1ms
230 http fetch GET 200 https://registry.npmjs.org/@svgr%2fplugin-svgo 188ms (cache miss)
231 timing metavuln:packument:@svgr/plugin-svgo Completed in 189ms
232 timing metavuln:load:security-advisory:@svgr/plugin-svgo:XUKKCUuEIfThVsBLy+oF8GyP7lxkVuLkW//+NY5/KIf8QcWHSFuyi5ASrjDctKGKZ6oI4iYXN2mfMc9AZn06XQ== Completed in 2ms
233 timing metavuln:cache:put:security-advisory:@svgr/plugin-svgo:EsuzSbf7+Y+7kKOmijkK+GD/doYYcoKZ2epSaSjuMjK3D5MenoOfnownHNwRmdBZcaR1NsuBUK35WDllW+AMMw== Completed in 3ms
234 timing metavuln:calculate:security-advisory:@svgr/plugin-svgo:XUKKCUuEIfThVsBLy+oF8GyP7lxkVuLkW//+NY5/KIf8QcWHSFuyi5ASrjDctKGKZ6oI4iYXN2mfMc9AZn06XQ== Completed in 195ms
235 timing metavuln:cache:get:security-advisory:@svgr/webpack:IqnIHrynVlqAtMhtysIZT7fFR47WkNiVdS0bltwMCNwW6AuOVEGK8Ns3UrtOyzCH0k8s8awx0D1vcr5HtSiaPw== Completed in 2ms
236 http fetch GET 200 https://registry.npmjs.org/@svgr%2fwebpack 2400ms (cache miss)
237 timing metavuln:packument:@svgr/webpack Completed in 2401ms
238 timing metavuln:load:security-advisory:@svgr/webpack:EsuzSbf7+Y+7kKOmijkK+GD/doYYcoKZ2epSaSjuMjK3D5MenoOfnownHNwRmdBZcaR1NsuBUK35WDllW+AMMw== Completed in 3ms
239 timing metavuln:cache:put:security-advisory:@svgr/webpack:IqnIHrynVlqAtMhtysIZT7fFR47WkNiVdS0bltwMCNwW6AuOVEGK8Ns3UrtOyzCH0k8s8awx0D1vcr5HtSiaPw== Completed in 2ms
240 timing metavuln:calculate:security-advisory:@svgr/webpack:EsuzSbf7+Y+7kKOmijkK+GD/doYYcoKZ2epSaSjuMjK3D5MenoOfnownHNwRmdBZcaR1NsuBUK35WDllW+AMMw== Completed in 2407ms
241 timing metavuln:cache:get:security-advisory:react-scripts:Oynm4f28m7wqpHeAVQPAu6HUX0KhswQORZBCdzEDs2/Qk227PWimoI5yjY/d79GoOSw+zJpJ6uMhVBngEzK4zQ== Completed in 0ms
242 timing metavuln:load:security-advisory:react-scripts:IqnIHrynVlqAtMhtysIZT7fFR47WkNiVdS0bltwMCNwW6AuOVEGK8Ns3UrtOyzCH0k8s8awx0D1vcr5HtSiaPw== Completed in 4ms
243 timing metavuln:cache:put:security-advisory:react-scripts:Oynm4f28m7wqpHeAVQPAu6HUX0KhswQORZBCdzEDs2/Qk227PWimoI5yjY/d79GoOSw+zJpJ6uMhVBngEzK4zQ== Completed in 4ms
244 timing metavuln:calculate:security-advisory:react-scripts:IqnIHrynVlqAtMhtysIZT7fFR47WkNiVdS0bltwMCNwW6AuOVEGK8Ns3UrtOyzCH0k8s8awx0D1vcr5HtSiaPw== Completed in 9ms
245 timing auditReport:init Completed in 7870ms
246 timing reify:audit Completed in 8141ms
247 http fetch GET 200 https://registry.npmjs.org/typescript/-/typescript-4.9.5.tgz 97616ms (cache miss)
248 timing reifyNode:node_modules/typescript Completed in 97646ms
249 timing reify:unpack Completed in 97649ms
250 timing reify:unretire Completed in 0ms
251 timing build:queue Completed in 1ms
252 timing build:link:node_modules/typescript Completed in 3ms
253 timing build:link:node_modules/flat Completed in 3ms
254 timing build:link:node_modules/envinfo Completed in 4ms
255 timing build:link:node_modules/webpack-cli Completed in 3ms
256 timing build:link:node_modules/rechoir/node_modules/resolve Completed in 3ms
257 timing build:link Completed in 4ms
258 timing build:deps Completed in 5ms
259 timing build Completed in 5ms
260 timing reify:build Completed in 6ms
261 timing reify:trash Completed in 32ms
262 timing reify:save Completed in 524ms
263 timing reify Completed in 121006ms
264 silly ADD node_modules/isobject
265 silly ADD node_modules/shallow-clone
266 silly ADD node_modules/is-plain-object
267 silly ADD node_modules/wildcard
268 silly ADD node_modules/flat
269 silly ADD node_modules/clone-deep
270 silly ADD node_modules/webpack-merge
271 silly ADD node_modules/rechoir
272 silly ADD node_modules/rechoir/node_modules/resolve
273 silly ADD node_modules/interpret
274 silly ADD node_modules/fastest-levenshtein
275 silly ADD node_modules/envinfo
276 silly ADD node_modules/@webpack-cli/serve
277 silly ADD node_modules/@webpack-cli/info
278 silly ADD node_modules/@webpack-cli/configtest
279 silly ADD node_modules/@discoveryjs/json-ext
280 silly ADD node_modules/webpack-cli
281 silly ADD node_modules/webpack-cli/node_modules/commander
282 silly CHANGE node_modules/typescript
283 timing command:install Completed in 121054ms
284 verbose exit 0
285 timing npm Completed in 121586ms
286 info ok
